Using pre-set license
Built from '2022.1/staging' branch; Version is '2022.1.7f1 (240f4c1f462c) revision 2363212'; Using compiler version '192829333'; Build Type 'Release'
OS: 'Windows 10  (10.0.19044) 64bit Professional' Language: 'en' Physical Memory: 16292 MB
BatchMode: 1, IsHumanControllingUs: 0, StartBugReporterOnCrash: 0, Is64bit: 1, IsPro: 1

COMMAND LINE ARGUMENTS:
K:\Unity Versions\2022.1.7f1\Editor\Unity.exe
-adb2
-batchMode
-noUpm
-name
AssetImportWorker2
-projectPath
F:/DE 1.0.0
-logFile
Logs/AssetImportWorker2.log
-srvPort
58395
Successfully changed project path to: F:/DE 1.0.0
F:/DE 1.0.0
[UnityMemory] Configuration Parameters - Can be set up in boot.config
    "memorysetup-bucket-allocator-granularity=16"
    "memorysetup-bucket-allocator-bucket-count=8"
    "memorysetup-bucket-allocator-block-size=33554432"
    "memorysetup-bucket-allocator-block-count=8"
    "memorysetup-main-allocator-block-size=16777216"
    "memorysetup-thread-allocator-block-size=16777216"
    "memorysetup-gfx-main-allocator-block-size=16777216"
    "memorysetup-gfx-thread-allocator-block-size=16777216"
    "memorysetup-cache-allocator-block-size=4194304"
    "memorysetup-typetree-allocator-block-size=2097152"
    "memorysetup-profiler-bucket-allocator-granularity=16"
    "memorysetup-profiler-bucket-allocator-bucket-count=8"
    "memorysetup-profiler-bucket-allocator-block-size=33554432"
    "memorysetup-profiler-bucket-allocator-block-count=8"
    "memorysetup-profiler-allocator-block-size=16777216"
    "memorysetup-profiler-editor-allocator-block-size=1048576"
    "memorysetup-temp-allocator-size-main=16777216"
    "memorysetup-job-temp-allocator-block-size=2097152"
    "memorysetup-job-temp-allocator-block-size-background=1048576"
    "memorysetup-job-temp-allocator-reduction-small-platforms=262144"
    "memorysetup-temp-allocator-size-background-worker=32768"
    "memorysetup-temp-allocator-size-job-worker=262144"
    "memorysetup-temp-allocator-size-preload-manager=33554432"
    "memorysetup-temp-allocator-size-nav-mesh-worker=65536"
    "memorysetup-temp-allocator-size-audio-worker=65536"
    "memorysetup-temp-allocator-size-cloud-worker=32768"
    "memorysetup-temp-allocator-size-gi-baking-worker=262144"
    "memorysetup-temp-allocator-size-gfx=262144"
Refreshing native plugins compatible for Editor in 54.12 ms, found 3 plugins.
Preloading 0 native plugins for Editor in 0.00 ms.
Initialize engine version: 2022.1.7f1 (240f4c1f462c)
[Subsystems] Discovering subsystems at path K:/Unity Versions/2022.1.7f1/Editor/Data/Resources/UnitySubsystems
[Subsystems] Discovering subsystems at path F:/DE 1.0.0/Assets
GfxDevice: creating device client; threaded=0; jobified=0
Direct3D:
    Version:  Direct3D 11.0 [level 11.1]
    Renderer: NVIDIA GeForce GTX 1070 (ID=0x1b81)
    Vendor:   NVIDIA
    VRAM:     8088 MB
    Driver:   27.21.14.5751
Initialize mono
Mono path[0] = 'K:/Unity Versions/2022.1.7f1/Editor/Data/Managed'
Mono path[1] = 'K:/Unity Versions/2022.1.7f1/Editor/Data/MonoBleedingEdge/lib/mono/unityjit-win32'
Mono config path = 'K:/Unity Versions/2022.1.7f1/Editor/Data/MonoBleedingEdge/etc'
Using monoOptions --debugger-agent=transport=dt_socket,embedding=1,server=y,suspend=n,address=127.0.0.1:56408
Begin MonoManager ReloadAssembly
Registering precompiled unity dll's ...
Register platform support module: K:/Unity Versions/2022.1.7f1/Editor/Data/PlaybackEngines/AndroidPlayer/UnityEditor.Android.Extensions.dll
Register platform support module: K:/Unity Versions/2022.1.7f1/Editor/Data/PlaybackEngines/WindowsStandaloneSupport/UnityEditor.WindowsStandalone.Extensions.dll
Registered in 0.002221 seconds.
Native extension for WindowsStandalone target not found
Native extension for Android target not found
Refreshing native plugins compatible for Editor in 53.60 ms, found 3 plugins.
Preloading 0 native plugins for Editor in 0.00 ms.
Mono: successfully reloaded assembly
- Completed reload, in  0.634 seconds
Domain Reload Profiling:
	ReloadAssembly (634ms)
		BeginReloadAssembly (63ms)
			ExecutionOrderSort (0ms)
			DisableScriptedObjects (0ms)
			BackupInstance (0ms)
			ReleaseScriptingObjects (0ms)
			CreateAndSetChildDomain (1ms)
		EndReloadAssembly (473ms)
			LoadAssemblies (62ms)
			RebuildTransferFunctionScriptingTraits (0ms)
			SetupTypeCache (117ms)
				TypeCache.Initialize (116ms)
					TypeCache.ScanAssembly (115ms)
				ResolveRequiredComponents (0ms)
			ReleaseScriptCaches (0ms)
			RebuildScriptCaches (27ms)
			SetupLoadedEditorAssemblies (278ms)
				LogAssemblyErrors (0ms)
				InitializePlatformSupportModulesInManaged (57ms)
				SetLoadedEditorAssemblies (8ms)
				RefreshPlugins (54ms)
				BeforeProcessingInitializeOnLoad (1ms)
				ProcessInitializeOnLoadAttributes (105ms)
				ProcessInitializeOnLoadMethodAttributes (52ms)
				AfterProcessingInitializeOnLoad (0ms)
				EditorAssembliesLoaded (0ms)
			ExecutionOrderSort2 (0ms)
			AwakeInstancesAfterBackupRestoration (0ms)
Platform modules already initialized, skipping
Registering precompiled user dll's ...
Registered in 0.003348 seconds.
Android Extension - Scanning For ADB Devices 4794 ms
Begin MonoManager ReloadAssembly
OnLevelWasLoaded was found on ServerNotification
This message has been deprecated and will be removed in a later version of Unity.
Add a delegate to SceneManager.sceneLoaded instead to get notifications after scene loading has completed
OnLevelWasLoaded was found on DiscordSDK
This message has been deprecated and will be removed in a later version of Unity.
Add a delegate to SceneManager.sceneLoaded instead to get notifications after scene loading has completed
Native extension for WindowsStandalone target not found
Native extension for Android target not found
Refreshing native plugins compatible for Editor in 59.59 ms, found 3 plugins.
Preloading 0 native plugins for Editor in 0.00 ms.
Mono: successfully reloaded assembly
- Completed reload, in  1.960 seconds
Domain Reload Profiling:
	ReloadAssembly (1961ms)
		BeginReloadAssembly (126ms)
			ExecutionOrderSort (0ms)
			DisableScriptedObjects (6ms)
			BackupInstance (0ms)
			ReleaseScriptingObjects (0ms)
			CreateAndSetChildDomain (25ms)
		EndReloadAssembly (1577ms)
			LoadAssemblies (721ms)
			RebuildTransferFunctionScriptingTraits (0ms)
			SetupTypeCache (256ms)
				TypeCache.Initialize (250ms)
					TypeCache.ScanAssembly (245ms)
				ResolveRequiredComponents (7ms)
			ReleaseScriptCaches (1ms)
			RebuildScriptCaches (72ms)
			SetupLoadedEditorAssemblies (473ms)
				LogAssemblyErrors (0ms)
				InitializePlatformSupportModulesInManaged (20ms)
				SetLoadedEditorAssemblies (6ms)
				RefreshPlugins (60ms)
				BeforeProcessingInitializeOnLoad (75ms)
				ProcessInitializeOnLoadAttributes (285ms)
				ProcessInitializeOnLoadMethodAttributes (24ms)
				AfterProcessingInitializeOnLoad (2ms)
				EditorAssembliesLoaded (0ms)
			ExecutionOrderSort2 (0ms)
			AwakeInstancesAfterBackupRestoration (5ms)
Platform modules already initialized, skipping
========================================================================
Worker process is ready to serve import requests
Launched and connected shader compiler UnityShaderCompiler.exe after 0.18 seconds
Refreshing native plugins compatible for Editor in 1.08 ms, found 3 plugins.
Preloading 0 native plugins for Editor in 0.00 ms.
Unloading 2813 Unused Serialized files (Serialized files now loaded: 0)
Unloading 36 unused Assets / (57.7 KB). Loaded Objects now: 3268.
Memory consumption went from 466.9 MB to 466.8 MB.
Total: 3.880300 ms (FindLiveObjects: 0.294700 ms CreateObjectMapping: 0.237600 ms MarkObjects: 3.272100 ms  DeleteObjects: 0.074800 ms)

AssetImportParameters requested are different than current active one (requested -> active):
  custom:video-decoder-ogg-theora: a1e56fd34408186e4bbccfd4996cb3dc -> 
  custom:container-muxer-webm: aa71ff27fc2769a1b78a27578f13a17b -> 
  custom:container-demuxer-webm: 4f35f7cbe854078d1ac9338744f61a02 -> 
  custom:video-encoder-webm-vp8: eb34c28f22e8b96e1ab97ce403110664 -> 
  custom:audio-encoder-webm-vorbis: bf7c407c2cedff20999df2af8eb42d56 -> 
  custom:framework-win-MediaFoundation: 216162199b28c13a410421893ffa2e32 -> 
  custom:container-demuxer-ogg: 62fdf1f143b41e24485cea50d1cbac27 -> 
  custom:video-decoder-webm-vp8: 9c59270c3fd7afecdb556c50c9e8de78 -> 
  custom:audio-decoder-ogg-vorbis: bf7c407c2cedff20999df2af8eb42d56 -> 
========================================================================
Received Import Request.
  Time since last request: 165165.429327 seconds.
  path: Assets/Scenes/PlayerInputManager.prefab
  artifactKey: Guid(1e26a3f859a3aea4796803c686d8f117) Importer(815301076,1909f56bfc062723c751e8b465ee728b)
Start importing Assets/Scenes/PlayerInputManager.prefab using Guid(1e26a3f859a3aea4796803c686d8f117) Importer(815301076,1909f56bfc062723c751e8b465ee728b)  -> (artifact id: '3aeb69c50629438409518da4f7ac45b1') in 0.100323 seconds 
========================================================================
Received Import Request.
  Time since last request: 0.000018 seconds.
  path: Assets/gameBigIcon.png
  artifactKey: Guid(689d5e1af1fbe85439c877c606b1fb12) Importer(815301076,1909f56bfc062723c751e8b465ee728b)
Start importing Assets/gameBigIcon.png using Guid(689d5e1af1fbe85439c877c606b1fb12) Importer(815301076,1909f56bfc062723c751e8b465ee728b)  -> (artifact id: '908dc9ae1a0b3d106a3c84e1c0367099') in 0.383161 seconds 
========================================================================
Received Import Request.
  Time since last request: 23.850160 seconds.
  path: Assets/Scenes/Controller (1).prefab
  artifactKey: Guid(5cd4d6d0af774ee4db3b9d0a780f2e35) Importer(815301076,1909f56bfc062723c751e8b465ee728b)
Start importing Assets/Scenes/Controller (1).prefab using Guid(5cd4d6d0af774ee4db3b9d0a780f2e35) Importer(815301076,1909f56bfc062723c751e8b465ee728b)  -> (artifact id: 'e36822d5a3651d57752f9b01bffeb6f4') in 0.014177 seconds 
========================================================================
Received Import Request.
  Time since last request: 32.928992 seconds.
  path: Assets/Kenney Mini Square.ttf
  artifactKey: Guid(f5d6efbb08783674b8b177d68ca949f0) Importer(815301076,1909f56bfc062723c751e8b465ee728b)
Start importing Assets/Kenney Mini Square.ttf using Guid(f5d6efbb08783674b8b177d68ca949f0) Importer(815301076,1909f56bfc062723c751e8b465ee728b)  -> (artifact id: '5d925bf63a2b65529892b8413bf0aaa0') in 0.047149 seconds 
========================================================================
Received Import Request.
  Time since last request: 7.547764 seconds.
  path: Assets/CopyPosition.cs
  artifactKey: Guid(2ae6c6f54a706224695bba0154d2482c) Importer(815301076,1909f56bfc062723c751e8b465ee728b)
Start importing Assets/CopyPosition.cs using Guid(2ae6c6f54a706224695bba0154d2482c) Importer(815301076,1909f56bfc062723c751e8b465ee728b)  -> (artifact id: 'f19a420f1670117e49a54e8b3f8ab5cd') in 0.011799 seconds 
========================================================================
Received Import Request.
  Time since last request: 76.554720 seconds.
  path: Assets/Standard Assets/CrossPlatformInput/Scripts/MobileControlRig.cs
  artifactKey: Guid(71398ce7fbc3a5b4fa50b50bd54317a7) Importer(815301076,1909f56bfc062723c751e8b465ee728b)
Start importing Assets/Standard Assets/CrossPlatformInput/Scripts/MobileControlRig.cs using Guid(71398ce7fbc3a5b4fa50b50bd54317a7) Importer(815301076,1909f56bfc062723c751e8b465ee728b)  -> (artifact id: '6ed4165338e413dd26c1aca397d7ddcc') in 0.012297 seconds 
========================================================================
Received Import Request.
  Time since last request: 0.025390 seconds.
  path: Assets/Editor/CrossPlatformInput/CrossPlatformInputInitialize.cs
  artifactKey: Guid(db7667203062c644ea1877077e30ebd6) Importer(815301076,1909f56bfc062723c751e8b465ee728b)
Start importing Assets/Editor/CrossPlatformInput/CrossPlatformInputInitialize.cs using Guid(db7667203062c644ea1877077e30ebd6) Importer(815301076,1909f56bfc062723c751e8b465ee728b)  -> (artifact id: '952e636a2ec71ecc03461670277e4f17') in 0.005136 seconds 
========================================================================
Received Import Request.
  Time since last request: 0.011668 seconds.
  path: Assets/PhoneControllerTrigger.cs
  artifactKey: Guid(5690635b111625b43bfdb0b30a3bc00a) Importer(815301076,1909f56bfc062723c751e8b465ee728b)
Start importing Assets/PhoneControllerTrigger.cs using Guid(5690635b111625b43bfdb0b30a3bc00a) Importer(815301076,1909f56bfc062723c751e8b465ee728b)  -> (artifact id: '9d14638fc03bd864b3c159ff23383bce') in 0.005487 seconds 
========================================================================
Received Import Request.
  Time since last request: 0.054322 seconds.
  path: Assets/Standard Assets/CrossPlatformInput/Scripts/InputAxisScrollbar.cs
  artifactKey: Guid(7d3269566d48b8447bb48d2259e28f8b) Importer(815301076,1909f56bfc062723c751e8b465ee728b)
Start importing Assets/Standard Assets/CrossPlatformInput/Scripts/InputAxisScrollbar.cs using Guid(7d3269566d48b8447bb48d2259e28f8b) Importer(815301076,1909f56bfc062723c751e8b465ee728b)  -> (artifact id: 'afc013f2e2c1f7ba6bd916da64e8261a') in 0.005113 seconds 
========================================================================
Received Import Request.
  Time since last request: 0.011186 seconds.
  path: Assets/Editor/FindMissing.cs
  artifactKey: Guid(2336f88f004d9a647aee00b6043ea95c) Importer(815301076,1909f56bfc062723c751e8b465ee728b)
Start importing Assets/Editor/FindMissing.cs using Guid(2336f88f004d9a647aee00b6043ea95c) Importer(815301076,1909f56bfc062723c751e8b465ee728b)  -> (artifact id: 'ae912ff5d55c878cb8e49699aed3f68e') in 0.005241 seconds 
========================================================================
Received Import Request.
  Time since last request: 0.015653 seconds.
  path: Assets/Standard Assets/CrossPlatformInput/Scripts/TouchPad.cs
  artifactKey: Guid(1caf40fc8bebb6b43b2550c05ca791d6) Importer(815301076,1909f56bfc062723c751e8b465ee728b)
Start importing Assets/Standard Assets/CrossPlatformInput/Scripts/TouchPad.cs using Guid(1caf40fc8bebb6b43b2550c05ca791d6) Importer(815301076,1909f56bfc062723c751e8b465ee728b)  -> (artifact id: 'f9a29af5c513d1c7ae67ee51e9b2346c') in 0.004880 seconds 
========================================================================
Received Import Request.
  Time since last request: 0.007089 seconds.
  path: Assets/PhoneController.cs
  artifactKey: Guid(88ffaa1cea5650f4898869c35f56a218) Importer(815301076,1909f56bfc062723c751e8b465ee728b)
Start importing Assets/PhoneController.cs using Guid(88ffaa1cea5650f4898869c35f56a218) Importer(815301076,1909f56bfc062723c751e8b465ee728b)  -> (artifact id: '63d98d5157705ad8ac9edccccfb33cb0') in 0.005016 seconds 
========================================================================
Received Import Request.
  Time since last request: 0.002650 seconds.
  path: Assets/Standard Assets/CrossPlatformInput/Scripts/AxisTouchButton.cs
  artifactKey: Guid(9ab98b66288df7b4fa182075f2f12bd6) Importer(815301076,1909f56bfc062723c751e8b465ee728b)
Start importing Assets/Standard Assets/CrossPlatformInput/Scripts/AxisTouchButton.cs using Guid(9ab98b66288df7b4fa182075f2f12bd6) Importer(815301076,1909f56bfc062723c751e8b465ee728b)  -> (artifact id: '25b636e2954a46ad75f224ca52f20aaf') in 0.005120 seconds 
========================================================================
Received Import Request.
  Time since last request: 0.002579 seconds.
  path: Assets/Standard Assets/CrossPlatformInput/Scripts/TiltInput.cs
  artifactKey: Guid(5c2d84226fbbaf94e9c1451f1c39b06a) Importer(815301076,1909f56bfc062723c751e8b465ee728b)
Start importing Assets/Standard Assets/CrossPlatformInput/Scripts/TiltInput.cs using Guid(5c2d84226fbbaf94e9c1451f1c39b06a) Importer(815301076,1909f56bfc062723c751e8b465ee728b)  -> (artifact id: 'f8c12551a544a4248d1204ada55d424a') in 0.004949 seconds 
========================================================================
Received Import Request.
  Time since last request: 0.002848 seconds.
  path: Assets/Standard Assets/CrossPlatformInput/Scripts/VirtualInput.cs
  artifactKey: Guid(0f57aeb1b8dce3342bea5c28ac17db24) Importer(815301076,1909f56bfc062723c751e8b465ee728b)
Start importing Assets/Standard Assets/CrossPlatformInput/Scripts/VirtualInput.cs using Guid(0f57aeb1b8dce3342bea5c28ac17db24) Importer(815301076,1909f56bfc062723c751e8b465ee728b)  -> (artifact id: 'd86ee026973e00b6d5121726f2c5664e') in 0.004950 seconds 
========================================================================
Received Import Request.
  Time since last request: 0.002793 seconds.
  path: Assets/Standard Assets/CrossPlatformInput/Scripts/ButtonHandler.cs
  artifactKey: Guid(85bf3be603548374ca46f521a3aa7fda) Importer(815301076,1909f56bfc062723c751e8b465ee728b)
Start importing Assets/Standard Assets/CrossPlatformInput/Scripts/ButtonHandler.cs using Guid(85bf3be603548374ca46f521a3aa7fda) Importer(815301076,1909f56bfc062723c751e8b465ee728b)  -> (artifact id: '4fb7bf7fbf8401fe4c6f5a9b1b1253ac') in 0.005131 seconds 
========================================================================
Received Import Request.
  Time since last request: 0.002572 seconds.
  path: Assets/Standard Assets/CrossPlatformInput/Scripts/PlatformSpecific/MobileInput.cs
  artifactKey: Guid(9703d53e47195aa4190acd11369ccd1b) Importer(815301076,1909f56bfc062723c751e8b465ee728b)
Start importing Assets/Standard Assets/CrossPlatformInput/Scripts/PlatformSpecific/MobileInput.cs using Guid(9703d53e47195aa4190acd11369ccd1b) Importer(815301076,1909f56bfc062723c751e8b465ee728b)  -> (artifact id: '7fbccad58dfd4e623189664ccac8b31b') in 0.004905 seconds 
========================================================================
Received Import Request.
  Time since last request: 0.002757 seconds.
  path: Assets/Standard Assets/CrossPlatformInput/Scripts/Joystick.cs
  artifactKey: Guid(00c3c865782347f41b6358d9fba14b48) Importer(815301076,1909f56bfc062723c751e8b465ee728b)
Start importing Assets/Standard Assets/CrossPlatformInput/Scripts/Joystick.cs using Guid(00c3c865782347f41b6358d9fba14b48) Importer(815301076,1909f56bfc062723c751e8b465ee728b)  -> (artifact id: 'a4b8f398f8e4b5f567f2edea557d473b') in 0.004988 seconds 
========================================================================
Received Import Request.
  Time since last request: 0.014875 seconds.
  path: Assets/Standard Assets/CrossPlatformInput/Scripts/CrossPlatformInputManager.cs
  artifactKey: Guid(6ac1ce5a5adfd9f46adbf5b6f752a47c) Importer(815301076,1909f56bfc062723c751e8b465ee728b)
Start importing Assets/Standard Assets/CrossPlatformInput/Scripts/CrossPlatformInputManager.cs using Guid(6ac1ce5a5adfd9f46adbf5b6f752a47c) Importer(815301076,1909f56bfc062723c751e8b465ee728b)  -> (artifact id: '8be429a947a7108a401f9c6c092f618b') in 0.008269 seconds 
========================================================================
Received Import Request.
  Time since last request: 0.002935 seconds.
  path: Assets/Standard Assets/CrossPlatformInput/Scripts/PlatformSpecific/StandaloneInput.cs
  artifactKey: Guid(9961032f4f02c4f41997c3ea399d2f22) Importer(815301076,1909f56bfc062723c751e8b465ee728b)
Start importing Assets/Standard Assets/CrossPlatformInput/Scripts/PlatformSpecific/StandaloneInput.cs using Guid(9961032f4f02c4f41997c3ea399d2f22) Importer(815301076,1909f56bfc062723c751e8b465ee728b)  -> (artifact id: '27243381d7b2cc2ac3c1a5709f2ed7ac') in 0.004881 seconds 
========================================================================
Received Import Request.
  Time since last request: 51.139658 seconds.
  path: Assets/Textures/tileSheetZiduri_x3968px.png
  artifactKey: Guid(50c8378e30e4a834199f9d601de4399d) Importer(815301076,1909f56bfc062723c751e8b465ee728b)
Start importing Assets/Textures/tileSheetZiduri_x3968px.png using Guid(50c8378e30e4a834199f9d601de4399d) Importer(815301076,1909f56bfc062723c751e8b465ee728b)  -> (artifact id: 'e0e1eda16aa4621e41e5da0ca2a26644') in 0.354636 seconds 
========================================================================
Received Import Request.
  Time since last request: 4.730063 seconds.
  path: Assets/Textures
  artifactKey: Guid(a45b4efd86377b84caf07152c5c713aa) Importer(815301076,1909f56bfc062723c751e8b465ee728b)
Start importing Assets/Textures using Guid(a45b4efd86377b84caf07152c5c713aa) Importer(815301076,1909f56bfc062723c751e8b465ee728b)  -> (artifact id: '0df02f04e1ab96a0bb91d768dd734e2c') in 0.005437 seconds 
========================================================================
Received Import Request.
  Time since last request: 0.069190 seconds.
  path: Assets/Textures/1.png
  artifactKey: Guid(3d653c620b544b64eb2c0e610ee8b9f8) Importer(815301076,1909f56bfc062723c751e8b465ee728b)
Start importing Assets/Textures/1.png using Guid(3d653c620b544b64eb2c0e610ee8b9f8) Importer(815301076,1909f56bfc062723c751e8b465ee728b)  -> (artifact id: 'bc20dc2b2219503ae198e5ec2eaf6348') in 0.014308 seconds 
========================================================================
Received Import Request.
  Time since last request: 0.000016 seconds.
  path: Assets/Textures/arrow.png
  artifactKey: Guid(1ae3abd6731f5034e8e2d47bc40f60e7) Importer(815301076,1909f56bfc062723c751e8b465ee728b)
Start importing Assets/Textures/arrow.png using Guid(1ae3abd6731f5034e8e2d47bc40f60e7) Importer(815301076,1909f56bfc062723c751e8b465ee728b)  -> (artifact id: '379a412796fcc130a9f129e693e40148') in 0.043011 seconds 
========================================================================
Received Import Request.
  Time since last request: 0.000019 seconds.
  path: Assets/Textures/bg1.png
  artifactKey: Guid(16469ed89d7fdf648908861d564307bc) Importer(815301076,1909f56bfc062723c751e8b465ee728b)
Start importing Assets/Textures/bg1.png using Guid(16469ed89d7fdf648908861d564307bc) Importer(815301076,1909f56bfc062723c751e8b465ee728b)  -> (artifact id: '7fac5d68661e80b4c019337bc0209dbd') in 0.013773 seconds 
========================================================================
Received Import Request.
  Time since last request: 0.000026 seconds.
  path: Assets/Textures/3.png
  artifactKey: Guid(74cb41bccb2efb04194a6f5aef90f49f) Importer(815301076,1909f56bfc062723c751e8b465ee728b)
Start importing Assets/Textures/3.png using Guid(74cb41bccb2efb04194a6f5aef90f49f) Importer(815301076,1909f56bfc062723c751e8b465ee728b)  -> (artifact id: '24b0cc003dffdb6a9340e2155dc2140e') in 0.013895 seconds 
========================================================================
Received Import Request.
  Time since last request: 0.001210 seconds.
  path: Assets/Textures/bg4.png
  artifactKey: Guid(8c7373f885bb2474eadbffc1994b8d2d) Importer(815301076,1909f56bfc062723c751e8b465ee728b)
Start importing Assets/Textures/bg4.png using Guid(8c7373f885bb2474eadbffc1994b8d2d) Importer(815301076,1909f56bfc062723c751e8b465ee728b)  -> (artifact id: '8306015550888f3494f1b26376439bee') in 0.020235 seconds 
========================================================================
Received Import Request.
  Time since last request: 0.000024 seconds.
  path: Assets/Textures/bgDarkness.png
  artifactKey: Guid(335011d8bccaec046af87e620bd8ce0e) Importer(815301076,1909f56bfc062723c751e8b465ee728b)
Start importing Assets/Textures/bgDarkness.png using Guid(335011d8bccaec046af87e620bd8ce0e) Importer(815301076,1909f56bfc062723c751e8b465ee728b)  -> (artifact id: '99328343d2340d01db44e378bad0c3b4') in 0.167358 seconds 
========================================================================
Received Import Request.
  Time since last request: 0.000019 seconds.
  path: Assets/Textures/dropItem.png
  artifactKey: Guid(f9c2135595ff46a4994fc61ef29ba72b) Importer(815301076,1909f56bfc062723c751e8b465ee728b)
Start importing Assets/Textures/dropItem.png using Guid(f9c2135595ff46a4994fc61ef29ba72b) Importer(815301076,1909f56bfc062723c751e8b465ee728b)  -> (artifact id: 'e63ccd7e969d1c67eaa26a8c96d6e42a') in 0.024483 seconds 
========================================================================
Received Import Request.
  Time since last request: 0.000023 seconds.
  path: Assets/Textures/controlMask.png
  artifactKey: Guid(3afdb0dbb444e134caa5306345549ea9) Importer(815301076,1909f56bfc062723c751e8b465ee728b)
Start importing Assets/Textures/controlMask.png using Guid(3afdb0dbb444e134caa5306345549ea9) Importer(815301076,1909f56bfc062723c751e8b465ee728b)  -> (artifact id: '08a3d9b050ce298867e2734cf1f6209e') in 0.021011 seconds 
========================================================================
Received Import Request.
  Time since last request: 0.000021 seconds.
  path: Assets/Textures/finalBossBody.png
  artifactKey: Guid(d2ad8bdf77a86f146aa5d650ec3f1730) Importer(815301076,1909f56bfc062723c751e8b465ee728b)
Start importing Assets/Textures/finalBossBody.png using Guid(d2ad8bdf77a86f146aa5d650ec3f1730) Importer(815301076,1909f56bfc062723c751e8b465ee728b)  -> (artifact id: '1773db129f6ab90eaa37ece55e167958') in 0.093220 seconds 
========================================================================
Received Import Request.
  Time since last request: 0.000025 seconds.
  path: Assets/Textures/checkmark.png
  artifactKey: Guid(4c0aaa5086b7e8441b09e09d09871eec) Importer(815301076,1909f56bfc062723c751e8b465ee728b)
Start importing Assets/Textures/checkmark.png using Guid(4c0aaa5086b7e8441b09e09d09871eec) Importer(815301076,1909f56bfc062723c751e8b465ee728b)  -> (artifact id: 'ca35500d6ce4ef31a6a390aa43e9a5b8') in 0.015464 seconds 
========================================================================
Received Import Request.
  Time since last request: 0.000015 seconds.
  path: Assets/Textures/finalBossBodyOutline.png
  artifactKey: Guid(c17e024c458dfde48a62c5cc5caf79ab) Importer(815301076,1909f56bfc062723c751e8b465ee728b)
Start importing Assets/Textures/finalBossBodyOutline.png using Guid(c17e024c458dfde48a62c5cc5caf79ab) Importer(815301076,1909f56bfc062723c751e8b465ee728b)  -> (artifact id: '6f604c7b3332a3ecf1dd3ea44c6377c1') in 0.087415 seconds 
========================================================================
Received Import Request.
  Time since last request: 0.000017 seconds.
  path: Assets/Textures/largeWizard.png
  artifactKey: Guid(86ad94daf290b5d4fa2fe1db0dc0c703) Importer(815301076,1909f56bfc062723c751e8b465ee728b)
Start importing Assets/Textures/largeWizard.png using Guid(86ad94daf290b5d4fa2fe1db0dc0c703) Importer(815301076,1909f56bfc062723c751e8b465ee728b)  -> (artifact id: '7d2f31fba47e8eda6af14bdb0e0845fe') in 0.211116 seconds 
========================================================================
Received Import Request.
  Time since last request: 0.000026 seconds.
  path: Assets/Textures/CoverPhoto.png
  artifactKey: Guid(d60ec793fe69cf8488bd42d769f66219) Importer(815301076,1909f56bfc062723c751e8b465ee728b)
Start importing Assets/Textures/CoverPhoto.png using Guid(d60ec793fe69cf8488bd42d769f66219) Importer(815301076,1909f56bfc062723c751e8b465ee728b)  -> (artifact id: '9998a39873ce207bccf674b80f65546b') in 0.169654 seconds 
========================================================================
Received Import Request.
  Time since last request: 0.000044 seconds.
  path: Assets/Textures/cannonBall.png
  artifactKey: Guid(ad91adc85a253af4e8c67e33ea20b0de) Importer(815301076,1909f56bfc062723c751e8b465ee728b)
Start importing Assets/Textures/cannonBall.png using Guid(ad91adc85a253af4e8c67e33ea20b0de) Importer(815301076,1909f56bfc062723c751e8b465ee728b)  -> (artifact id: '8c1fad4bdcd1f5a123b20e64d109bc2f') in 0.022580 seconds 
========================================================================
Received Import Request.
  Time since last request: 0.000022 seconds.
  path: Assets/Textures/finalBossArmOutline.png
  artifactKey: Guid(f711dea03f621344381cbf4fc908d64b) Importer(815301076,1909f56bfc062723c751e8b465ee728b)
Start importing Assets/Textures/finalBossArmOutline.png using Guid(f711dea03f621344381cbf4fc908d64b) Importer(815301076,1909f56bfc062723c751e8b465ee728b)  -> (artifact id: '9697bf585f4d21193e728e08ecf85046') in 0.042203 seconds 
========================================================================
Received Import Request.
  Time since last request: 0.000027 seconds.
  path: Assets/Textures/BigLogo.png
  artifactKey: Guid(563402f8d99716c45aad690e43bea84b) Importer(815301076,1909f56bfc062723c751e8b465ee728b)
Start importing Assets/Textures/BigLogo.png using Guid(563402f8d99716c45aad690e43bea84b) Importer(815301076,1909f56bfc062723c751e8b465ee728b)  -> (artifact id: 'ca577e0e72249f444cfd229c0beb51ef') in 0.017030 seconds 
========================================================================
Received Import Request.
  Time since last request: 0.000024 seconds.
  path: Assets/Textures/cannon.png
  artifactKey: Guid(925f3c67d2885164fb1ec44fe12e1e3f) Importer(815301076,1909f56bfc062723c751e8b465ee728b)
Start importing Assets/Textures/cannon.png using Guid(925f3c67d2885164fb1ec44fe12e1e3f) Importer(815301076,1909f56bfc062723c751e8b465ee728b)  -> (artifact id: '16a5ef5993c23c9d72aa55fc39163c01') in 0.022164 seconds 
========================================================================
Received Import Request.
  Time since last request: 0.000024 seconds.
  path: Assets/Textures/border2.png
  artifactKey: Guid(ac1b2ece32f8d5c40a042315f1120bee) Importer(815301076,1909f56bfc062723c751e8b465ee728b)
Start importing Assets/Textures/border2.png using Guid(ac1b2ece32f8d5c40a042315f1120bee) Importer(815301076,1909f56bfc062723c751e8b465ee728b)  -> (artifact id: 'cdf70f8fb958ca05a5d78ecdb9f24702') in 0.021527 seconds 
========================================================================
Received Import Request.
  Time since last request: 0.000018 seconds.
  path: Assets/Textures/characterIcon.png
  artifactKey: Guid(c3f74a15b3d6b4642a1a29fe957206e6) Importer(815301076,1909f56bfc062723c751e8b465ee728b)
Start importing Assets/Textures/characterIcon.png using Guid(c3f74a15b3d6b4642a1a29fe957206e6) Importer(815301076,1909f56bfc062723c751e8b465ee728b)  -> (artifact id: 'a8a26505295d91b64ded2fc109ac82c1') in 0.020325 seconds 
========================================================================
Received Import Request.
  Time since last request: 0.000032 seconds.
  path: Assets/Textures/inventory.png
  artifactKey: Guid(a9e6b226f26049b4f81d0762961ba75e) Importer(815301076,1909f56bfc062723c751e8b465ee728b)
Start importing Assets/Textures/inventory.png using Guid(a9e6b226f26049b4f81d0762961ba75e) Importer(815301076,1909f56bfc062723c751e8b465ee728b)  -> (artifact id: 'b3fff1c2d0f4f7ed548aed5e7d685ba8') in 0.029467 seconds 
========================================================================
Received Import Request.
  Time since last request: 0.000017 seconds.
  path: Assets/Textures/de.png
  artifactKey: Guid(9e35ce87381319a4c9f5ab1cb37867df) Importer(815301076,1909f56bfc062723c751e8b465ee728b)
Start importing Assets/Textures/de.png using Guid(9e35ce87381319a4c9f5ab1cb37867df) Importer(815301076,1909f56bfc062723c751e8b465ee728b)  -> (artifact id: '0098657c05c3bf3bea02208c5bd9a447') in 0.163937 seconds 
========================================================================
Received Import Request.
  Time since last request: 0.000023 seconds.
  path: Assets/Textures/logo.png
  artifactKey: Guid(5aabaf70fc1e29049bac93bc0b31ed92) Importer(815301076,1909f56bfc062723c751e8b465ee728b)
Start importing Assets/Textures/logo.png using Guid(5aabaf70fc1e29049bac93bc0b31ed92) Importer(815301076,1909f56bfc062723c751e8b465ee728b)  -> (artifact id: '1a991ab03fe035936d91d3f114c2bc91') in 0.020362 seconds 
========================================================================
Received Import Request.
  Time since last request: 0.000031 seconds.
  path: Assets/Textures/light.png
  artifactKey: Guid(3fcb097792465454cb4ede637714a194) Importer(815301076,1909f56bfc062723c751e8b465ee728b)
Start importing Assets/Textures/light.png using Guid(3fcb097792465454cb4ede637714a194) Importer(815301076,1909f56bfc062723c751e8b465ee728b)  -> (artifact id: 'e6ddd3d41c3d85b25b709f40fcdc90ba') in 0.030811 seconds 
========================================================================
Received Import Request.
  Time since last request: 0.000018 seconds.
  path: Assets/Textures/logoAdaptive.png
  artifactKey: Guid(aedb64fef5683e64a9f563668daa8e73) Importer(815301076,1909f56bfc062723c751e8b465ee728b)
Start importing Assets/Textures/logoAdaptive.png using Guid(aedb64fef5683e64a9f563668daa8e73) Importer(815301076,1909f56bfc062723c751e8b465ee728b)  -> (artifact id: 'b9bb7ffb8631f84961b22149f834c5e5') in 0.039516 seconds 
========================================================================
Received Import Request.
  Time since last request: 0.000023 seconds.
  path: Assets/Textures/Character.png
  artifactKey: Guid(a8047c9e7e91cea4b8e2b7cbbfdf02ac) Importer(815301076,1909f56bfc062723c751e8b465ee728b)
Start importing Assets/Textures/Character.png using Guid(a8047c9e7e91cea4b8e2b7cbbfdf02ac) Importer(815301076,1909f56bfc062723c751e8b465ee728b)  -> (artifact id: '32af8587bb8b4a664516d7239f281c1b') in 0.017352 seconds 
========================================================================
Received Import Request.
  Time since last request: 0.000019 seconds.
  path: Assets/Textures/controlCircle.png
  artifactKey: Guid(7b01e13a044ee844b9e3c624ba8bc46f) Importer(815301076,1909f56bfc062723c751e8b465ee728b)
Start importing Assets/Textures/controlCircle.png using Guid(7b01e13a044ee844b9e3c624ba8bc46f) Importer(815301076,1909f56bfc062723c751e8b465ee728b)  -> (artifact id: '91d9813bbf1b93649a6465328fc025e3') in 0.057214 seconds 
========================================================================
Received Import Request.
  Time since last request: 0.000021 seconds.
  path: Assets/Textures/controllerArea.png
  artifactKey: Guid(37f73f527dd9063468165a027e8d3247) Importer(815301076,1909f56bfc062723c751e8b465ee728b)
Start importing Assets/Textures/controllerArea.png using Guid(37f73f527dd9063468165a027e8d3247) Importer(815301076,1909f56bfc062723c751e8b465ee728b)  -> (artifact id: '97cf4f322890576ea12b26670d268166') in 0.031423 seconds 
========================================================================
Received Import Request.
  Time since last request: 0.000025 seconds.
  path: Assets/Textures/lockButton.png
  artifactKey: Guid(c6c12e4b85e18654bab8138516d4d2d7) Importer(815301076,1909f56bfc062723c751e8b465ee728b)
Start importing Assets/Textures/lockButton.png using Guid(c6c12e4b85e18654bab8138516d4d2d7) Importer(815301076,1909f56bfc062723c751e8b465ee728b)  -> (artifact id: '560ab81b22dbceab11f0dc4fc9f09502') in 0.029192 seconds 
========================================================================
Received Import Request.
  Time since last request: 0.000031 seconds.
  path: Assets/Textures/left.png
  artifactKey: Guid(a2c4e7efd791d5442911b125cd4e1182) Importer(815301076,1909f56bfc062723c751e8b465ee728b)
Start importing Assets/Textures/left.png using Guid(a2c4e7efd791d5442911b125cd4e1182) Importer(815301076,1909f56bfc062723c751e8b465ee728b)  -> (artifact id: 'ccddaeaad326c2ce6995ee2a1e6219e9') in 0.130100 seconds 
========================================================================
Received Import Request.
  Time since last request: 0.000025 seconds.
  path: Assets/Textures/Enter.png
  artifactKey: Guid(61c6eb4e3cf67de4283902d75a5daa0c) Importer(815301076,1909f56bfc062723c751e8b465ee728b)
Start importing Assets/Textures/Enter.png using Guid(61c6eb4e3cf67de4283902d75a5daa0c) Importer(815301076,1909f56bfc062723c751e8b465ee728b)  -> (artifact id: '46f8674f9676ad92c8b9210cb24d8358') in 0.019328 seconds 
========================================================================
Received Import Request.
  Time since last request: 3.938809 seconds.
  path: Assets/Textures/Magiera Script.ttf
  artifactKey: Guid(f1ed55fa35c1ec64299eed9e9aac1fe1) Importer(815301076,1909f56bfc062723c751e8b465ee728b)
Start importing Assets/Textures/Magiera Script.ttf using Guid(f1ed55fa35c1ec64299eed9e9aac1fe1) Importer(815301076,1909f56bfc062723c751e8b465ee728b)  -> (artifact id: '0ce7ace5d97206d807fc603241021f06') in 0.013256 seconds 
========================================================================
Received Import Request.
  Time since last request: 0.000018 seconds.
  path: Assets/Textures/mask.png
  artifactKey: Guid(8564467425ea65149a27f0bfd0ca2099) Importer(815301076,1909f56bfc062723c751e8b465ee728b)
Start importing Assets/Textures/mask.png using Guid(8564467425ea65149a27f0bfd0ca2099) Importer(815301076,1909f56bfc062723c751e8b465ee728b)  -> (artifact id: '7f3f857b4c4b237681d6a12253a950fc') in 0.014306 seconds 
========================================================================
Received Import Request.
  Time since last request: 0.000021 seconds.
  path: Assets/Textures/path815.png
  artifactKey: Guid(b44ac8cde7bcab24c84d56f4662afb90) Importer(815301076,1909f56bfc062723c751e8b465ee728b)
Start importing Assets/Textures/path815.png using Guid(b44ac8cde7bcab24c84d56f4662afb90) Importer(815301076,1909f56bfc062723c751e8b465ee728b)  -> (artifact id: '397615d1b05be4db9f902a09ee004395') in 0.015398 seconds 
========================================================================
Received Import Request.
  Time since last request: 0.000018 seconds.
  path: Assets/Textures/rect815.png
  artifactKey: Guid(ca2f6fcf8bce6184b8fa2cb5d8a2e666) Importer(815301076,1909f56bfc062723c751e8b465ee728b)
Start importing Assets/Textures/rect815.png using Guid(ca2f6fcf8bce6184b8fa2cb5d8a2e666) Importer(815301076,1909f56bfc062723c751e8b465ee728b)  -> (artifact id: '5f9c2f7c6733a787dd1d1d7d345d6dbf') in 0.084908 seconds 
========================================================================
Received Import Request.
  Time since last request: 0.000017 seconds.
  path: Assets/Textures/price.png
  artifactKey: Guid(2fd43da5cacfa844b9bff7be9c897375) Importer(815301076,1909f56bfc062723c751e8b465ee728b)
Start importing Assets/Textures/price.png using Guid(2fd43da5cacfa844b9bff7be9c897375) Importer(815301076,1909f56bfc062723c751e8b465ee728b)  -> (artifact id: '65d55cb554a22f574919e12624e6ba61') in 0.013564 seconds 
========================================================================
Received Import Request.
  Time since last request: 0.000018 seconds.
  path: Assets/Textures/rect831.png
  artifactKey: Guid(9d6212ffbdfa23b4a9ad1106e34e7765) Importer(815301076,1909f56bfc062723c751e8b465ee728b)
Start importing Assets/Textures/rect831.png using Guid(9d6212ffbdfa23b4a9ad1106e34e7765) Importer(815301076,1909f56bfc062723c751e8b465ee728b)  -> (artifact id: '126c4f81fe80035f3f300c40e63f5ce7') in 0.022192 seconds 
========================================================================
Received Import Request.
  Time since last request: 0.000019 seconds.
  path: Assets/Textures/smallTank.png
  artifactKey: Guid(cf68f883f5a3bb54495d154d109afc9f) Importer(815301076,1909f56bfc062723c751e8b465ee728b)
Start importing Assets/Textures/smallTank.png using Guid(cf68f883f5a3bb54495d154d109afc9f) Importer(815301076,1909f56bfc062723c751e8b465ee728b)  -> (artifact id: '0b61120179870e229fcbc96e36981aa9') in 0.036416 seconds 
========================================================================
Received Import Request.
  Time since last request: 0.000023 seconds.
  path: Assets/Textures/useItem.png
  artifactKey: Guid(5454db97658c82e48a6675375fa17fdc) Importer(815301076,1909f56bfc062723c751e8b465ee728b)
Start importing Assets/Textures/useItem.png using Guid(5454db97658c82e48a6675375fa17fdc) Importer(815301076,1909f56bfc062723c751e8b465ee728b)  -> (artifact id: 'ef786f40f41da6075966b86e07039904') in 0.019920 seconds 
========================================================================
Received Import Request.
  Time since last request: 0.000016 seconds.
  path: Assets/Textures/wall2x2.tiff
  artifactKey: Guid(f71e7349485fbc046886ade3c34f2bb8) Importer(815301076,1909f56bfc062723c751e8b465ee728b)
Start importing Assets/Textures/wall2x2.tiff using Guid(f71e7349485fbc046886ade3c34f2bb8) Importer(815301076,1909f56bfc062723c751e8b465ee728b)  -> (artifact id: '86452df98148ccc85aea3a30865855d6') in 0.499425 seconds 
========================================================================
Received Import Request.
  Time since last request: 0.000029 seconds.
  path: Assets/Textures/wizardmenu.png
  artifactKey: Guid(4655807d8c6a1d445a6edba570e6cedb) Importer(815301076,1909f56bfc062723c751e8b465ee728b)
Start importing Assets/Textures/wizardmenu.png using Guid(4655807d8c6a1d445a6edba570e6cedb) Importer(815301076,1909f56bfc062723c751e8b465ee728b)  -> (artifact id: 'ada1ed96094d156368b5cb44fa4f1bb5') in 0.022116 seconds 
========================================================================
Received Import Request.
  Time since last request: 0.000032 seconds.
  path: Assets/Textures/TexturesCom_TilesOld_1.6x1.6_1K_albedo.tif
  artifactKey: Guid(fcba8bfca46f2614da3d989df8ef2a7e) Importer(815301076,1909f56bfc062723c751e8b465ee728b)
Start importing Assets/Textures/TexturesCom_TilesOld_1.6x1.6_1K_albedo.tif using Guid(fcba8bfca46f2614da3d989df8ef2a7e) Importer(815301076,1909f56bfc062723c751e8b465ee728b)  -> (artifact id: 'aa429dc69560664c7caf7a2e7e05327a') in 0.340703 seconds 
========================================================================
Received Import Request.
  Time since last request: 0.000021 seconds.
  path: Assets/Textures/whiteFog.png
  artifactKey: Guid(e3f7195bd4aacc549a320618da2b8f5b) Importer(815301076,1909f56bfc062723c751e8b465ee728b)
Start importing Assets/Textures/whiteFog.png using Guid(e3f7195bd4aacc549a320618da2b8f5b) Importer(815301076,1909f56bfc062723c751e8b465ee728b)  -> (artifact id: '190c3b5475de4c598037671764ef9f9e') in 0.085616 seconds 
========================================================================
Received Import Request.
  Time since last request: 0.000040 seconds.
  path: Assets/Textures/pressKey.png
  artifactKey: Guid(5ab9b9b5cd5812643ada603783a38082) Importer(815301076,1909f56bfc062723c751e8b465ee728b)
Start importing Assets/Textures/pressKey.png using Guid(5ab9b9b5cd5812643ada603783a38082) Importer(815301076,1909f56bfc062723c751e8b465ee728b)  -> (artifact id: 'e14ae019dc992d33e7ec41f8ba8357cb') in 0.191689 seconds 
========================================================================
Received Import Request.
  Time since last request: 0.000029 seconds.
  path: Assets/Textures/smallKnight.png
  artifactKey: Guid(d414ccac73177294b8145bd126f75456) Importer(815301076,1909f56bfc062723c751e8b465ee728b)
Start importing Assets/Textures/smallKnight.png using Guid(d414ccac73177294b8145bd126f75456) Importer(815301076,1909f56bfc062723c751e8b465ee728b)  -> (artifact id: 'b566c699bd1594bc61fa943b2ac5693b') in 0.293178 seconds 
========================================================================
Received Import Request.
  Time since last request: 0.000025 seconds.
  path: Assets/Textures/pause.png
  artifactKey: Guid(fda08b06ffd6601489af802a25f21913) Importer(815301076,1909f56bfc062723c751e8b465ee728b)
Start importing Assets/Textures/pause.png using Guid(fda08b06ffd6601489af802a25f21913) Importer(815301076,1909f56bfc062723c751e8b465ee728b)  -> (artifact id: '989bafdb32575de71aefb63ca40699e3') in 0.024849 seconds 
========================================================================
Received Import Request.
  Time since last request: 1481.320011 seconds.
  path: Assets/Map.prefab
  artifactKey: Guid(5e8ba537999490d4bb76132075ceab33) Importer(815301076,1909f56bfc062723c751e8b465ee728b)
Start importing Assets/Map.prefab using Guid(5e8ba537999490d4bb76132075ceab33) Importer(815301076,1909f56bfc062723c751e8b465ee728b)  -> (artifact id: '8907e277e9899a552b2ace74f23cb29e') in 0.726614 seconds 
========================================================================
Received Import Request.
  Time since last request: 0.000021 seconds.
  path: Assets/New Material 2.mat
  artifactKey: Guid(9b701f17592f48041b045d5e87ddd1c1) Importer(815301076,1909f56bfc062723c751e8b465ee728b)
Start importing Assets/New Material 2.mat using Guid(9b701f17592f48041b045d5e87ddd1c1) Importer(815301076,1909f56bfc062723c751e8b465ee728b)  -> (artifact id: 'be31da9503bcd9b10e439dfc72ba0257') in 0.038170 seconds 
========================================================================
Received Import Request.
  Time since last request: 0.000021 seconds.
  path: Assets/New Material 3.mat
  artifactKey: Guid(6a259378e315cb446af39db945afcb43) Importer(815301076,1909f56bfc062723c751e8b465ee728b)
Start importing Assets/New Material 3.mat using Guid(6a259378e315cb446af39db945afcb43) Importer(815301076,1909f56bfc062723c751e8b465ee728b)  -> (artifact id: 'bd2a15ab664f9add4f5d55671f0768f2') in 0.011447 seconds 
========================================================================
Received Import Request.
  Time since last request: 0.000020 seconds.
  path: Assets/New Render Texture 1.renderTexture
  artifactKey: Guid(2c4ece4ab3bc4fd429563910341f568f) Importer(815301076,1909f56bfc062723c751e8b465ee728b)
Start importing Assets/New Render Texture 1.renderTexture using Guid(2c4ece4ab3bc4fd429563910341f568f) Importer(815301076,1909f56bfc062723c751e8b465ee728b)  -> (artifact id: 'd8b850417e3f610fcf4a32dee048c928') in 0.026593 seconds 
========================================================================
Received Import Request.
  Time since last request: 0.155658 seconds.
  path: Assets/PlayerInput.prefab
  artifactKey: Guid(970b7324f2ab79546802e1330ec71e50) Importer(815301076,1909f56bfc062723c751e8b465ee728b)
Start importing Assets/PlayerInput.prefab using Guid(970b7324f2ab79546802e1330ec71e50) Importer(815301076,1909f56bfc062723c751e8b465ee728b)  -> (artifact id: '37ee7189adc13480c8058b3ac150a848') in 0.008398 seconds 
========================================================================
Received Import Request.
  Time since last request: 0.004874 seconds.
  path: Assets/PlayerInputManager.prefab
  artifactKey: Guid(c51b4ce1b3aedfb49bdf1a8a675a2767) Importer(815301076,1909f56bfc062723c751e8b465ee728b)
Start importing Assets/PlayerInputManager.prefab using Guid(c51b4ce1b3aedfb49bdf1a8a675a2767) Importer(815301076,1909f56bfc062723c751e8b465ee728b)  -> (artifact id: 'd13b97779559607c1ea2dcdc9c4a3246') in 0.008518 seconds 
========================================================================
Received Import Request.
  Time since last request: 0.698232 seconds.
  path: Assets/Slippery.physicsMaterial2D
  artifactKey: Guid(88cdff12d4bf8d2449d603c685a4c400) Importer(815301076,1909f56bfc062723c751e8b465ee728b)
Start importing Assets/Slippery.physicsMaterial2D using Guid(88cdff12d4bf8d2449d603c685a4c400) Importer(815301076,1909f56bfc062723c751e8b465ee728b)  -> (artifact id: 'ca2427c7309fb30cdc9ff500f5f891bd') in 0.006443 seconds 
========================================================================
Received Import Request.
  Time since last request: 0.435709 seconds.
  path: Assets/UniversalRenderPipelineAsset.asset
  artifactKey: Guid(08a2348491bd6be4a94fda646b112d8f) Importer(815301076,1909f56bfc062723c751e8b465ee728b)
Start importing Assets/UniversalRenderPipelineAsset.asset using Guid(08a2348491bd6be4a94fda646b112d8f) Importer(815301076,1909f56bfc062723c751e8b465ee728b)  -> (artifact id: '5c4dc7be3f4b16e97be37365b05de9c3') in 0.005927 seconds 
========================================================================
Received Import Request.
  Time since last request: 0.730995 seconds.
  path: Assets/player.cs
  artifactKey: Guid(23154d83a728ff449b5986c1e8b2a489) Importer(815301076,1909f56bfc062723c751e8b465ee728b)
Start importing Assets/player.cs using Guid(23154d83a728ff449b5986c1e8b2a489) Importer(815301076,1909f56bfc062723c751e8b465ee728b)  -> (artifact id: 'c7665c2beac0330c787847b87b881e06') in 0.005497 seconds 
