Using pre-set license
Built from '2022.1/staging' branch; Version is '2022.1.7f1 (240f4c1f462c) revision 2363212'; Using compiler version '192829333'; Build Type 'Release'
OS: 'Windows 10  (10.0.19044) 64bit Professional' Language: 'en' Physical Memory: 16292 MB
BatchMode: 1, IsHumanControllingUs: 0, StartBugReporterOnCrash: 0, Is64bit: 1, IsPro: 1

COMMAND LINE ARGUMENTS:
K:\Unity Versions\2022.1.7f1\Editor\Unity.exe
-adb2
-batchMode
-noUpm
-name
AssetImportWorker3
-projectPath
F:/DE 1.0.0
-logFile
Logs/AssetImportWorker3.log
-srvPort
58395
Successfully changed project path to: F:/DE 1.0.0
F:/DE 1.0.0
[UnityMemory] Configuration Parameters - Can be set up in boot.config
    "memorysetup-bucket-allocator-granularity=16"
    "memorysetup-bucket-allocator-bucket-count=8"
    "memorysetup-bucket-allocator-block-size=33554432"
    "memorysetup-bucket-allocator-block-count=8"
    "memorysetup-main-allocator-block-size=16777216"
    "memorysetup-thread-allocator-block-size=16777216"
    "memorysetup-gfx-main-allocator-block-size=16777216"
    "memorysetup-gfx-thread-allocator-block-size=16777216"
    "memorysetup-cache-allocator-block-size=4194304"
    "memorysetup-typetree-allocator-block-size=2097152"
    "memorysetup-profiler-bucket-allocator-granularity=16"
    "memorysetup-profiler-bucket-allocator-bucket-count=8"
    "memorysetup-profiler-bucket-allocator-block-size=33554432"
    "memorysetup-profiler-bucket-allocator-block-count=8"
    "memorysetup-profiler-allocator-block-size=16777216"
    "memorysetup-profiler-editor-allocator-block-size=1048576"
    "memorysetup-temp-allocator-size-main=16777216"
    "memorysetup-job-temp-allocator-block-size=2097152"
    "memorysetup-job-temp-allocator-block-size-background=1048576"
    "memorysetup-job-temp-allocator-reduction-small-platforms=262144"
    "memorysetup-temp-allocator-size-background-worker=32768"
    "memorysetup-temp-allocator-size-job-worker=262144"
    "memorysetup-temp-allocator-size-preload-manager=33554432"
    "memorysetup-temp-allocator-size-nav-mesh-worker=65536"
    "memorysetup-temp-allocator-size-audio-worker=65536"
    "memorysetup-temp-allocator-size-cloud-worker=32768"
    "memorysetup-temp-allocator-size-gi-baking-worker=262144"
    "memorysetup-temp-allocator-size-gfx=262144"
Refreshing native plugins compatible for Editor in 52.90 ms, found 3 plugins.
Preloading 0 native plugins for Editor in 0.00 ms.
Initialize engine version: 2022.1.7f1 (240f4c1f462c)
[Subsystems] Discovering subsystems at path K:/Unity Versions/2022.1.7f1/Editor/Data/Resources/UnitySubsystems
[Subsystems] Discovering subsystems at path F:/DE 1.0.0/Assets
GfxDevice: creating device client; threaded=0; jobified=0
Direct3D:
    Version:  Direct3D 11.0 [level 11.1]
    Renderer: NVIDIA GeForce GTX 1070 (ID=0x1b81)
    Vendor:   NVIDIA
    VRAM:     8088 MB
    Driver:   27.21.14.5751
Initialize mono
Mono path[0] = 'K:/Unity Versions/2022.1.7f1/Editor/Data/Managed'
Mono path[1] = 'K:/Unity Versions/2022.1.7f1/Editor/Data/MonoBleedingEdge/lib/mono/unityjit-win32'
Mono config path = 'K:/Unity Versions/2022.1.7f1/Editor/Data/MonoBleedingEdge/etc'
Using monoOptions --debugger-agent=transport=dt_socket,embedding=1,server=y,suspend=n,address=127.0.0.1:56132
Begin MonoManager ReloadAssembly
Registering precompiled unity dll's ...
Register platform support module: K:/Unity Versions/2022.1.7f1/Editor/Data/PlaybackEngines/AndroidPlayer/UnityEditor.Android.Extensions.dll
Register platform support module: K:/Unity Versions/2022.1.7f1/Editor/Data/PlaybackEngines/WindowsStandaloneSupport/UnityEditor.WindowsStandalone.Extensions.dll
Registered in 0.002243 seconds.
Native extension for WindowsStandalone target not found
Native extension for Android target not found
Refreshing native plugins compatible for Editor in 52.79 ms, found 3 plugins.
Preloading 0 native plugins for Editor in 0.00 ms.
Mono: successfully reloaded assembly
- Completed reload, in  0.625 seconds
Domain Reload Profiling:
	ReloadAssembly (626ms)
		BeginReloadAssembly (63ms)
			ExecutionOrderSort (0ms)
			DisableScriptedObjects (0ms)
			BackupInstance (0ms)
			ReleaseScriptingObjects (0ms)
			CreateAndSetChildDomain (1ms)
		EndReloadAssembly (464ms)
			LoadAssemblies (63ms)
			RebuildTransferFunctionScriptingTraits (0ms)
			SetupTypeCache (117ms)
				TypeCache.Initialize (116ms)
					TypeCache.ScanAssembly (115ms)
				ResolveRequiredComponents (0ms)
			ReleaseScriptCaches (0ms)
			RebuildScriptCaches (27ms)
			SetupLoadedEditorAssemblies (272ms)
				LogAssemblyErrors (0ms)
				InitializePlatformSupportModulesInManaged (60ms)
				SetLoadedEditorAssemblies (7ms)
				RefreshPlugins (53ms)
				BeforeProcessingInitializeOnLoad (2ms)
				ProcessInitializeOnLoadAttributes (108ms)
				ProcessInitializeOnLoadMethodAttributes (42ms)
				AfterProcessingInitializeOnLoad (0ms)
				EditorAssembliesLoaded (0ms)
			ExecutionOrderSort2 (0ms)
			AwakeInstancesAfterBackupRestoration (0ms)
Platform modules already initialized, skipping
Registering precompiled user dll's ...
Registered in 0.003016 seconds.
Android Extension - Scanning For ADB Devices 4746 ms
Begin MonoManager ReloadAssembly
OnLevelWasLoaded was found on ServerNotification
This message has been deprecated and will be removed in a later version of Unity.
Add a delegate to SceneManager.sceneLoaded instead to get notifications after scene loading has completed
OnLevelWasLoaded was found on DiscordSDK
This message has been deprecated and will be removed in a later version of Unity.
Add a delegate to SceneManager.sceneLoaded instead to get notifications after scene loading has completed
Native extension for WindowsStandalone target not found
Native extension for Android target not found
Refreshing native plugins compatible for Editor in 64.79 ms, found 3 plugins.
Preloading 0 native plugins for Editor in 0.00 ms.
Mono: successfully reloaded assembly
- Completed reload, in  1.985 seconds
Domain Reload Profiling:
	ReloadAssembly (1987ms)
		BeginReloadAssembly (125ms)
			ExecutionOrderSort (0ms)
			DisableScriptedObjects (7ms)
			BackupInstance (0ms)
			ReleaseScriptingObjects (0ms)
			CreateAndSetChildDomain (26ms)
		EndReloadAssembly (1603ms)
			LoadAssemblies (718ms)
			RebuildTransferFunctionScriptingTraits (0ms)
			SetupTypeCache (263ms)
				TypeCache.Initialize (257ms)
					TypeCache.ScanAssembly (253ms)
				ResolveRequiredComponents (6ms)
			ReleaseScriptCaches (1ms)
			RebuildScriptCaches (80ms)
			SetupLoadedEditorAssemblies (482ms)
				LogAssemblyErrors (0ms)
				InitializePlatformSupportModulesInManaged (24ms)
				SetLoadedEditorAssemblies (5ms)
				RefreshPlugins (65ms)
				BeforeProcessingInitializeOnLoad (74ms)
				ProcessInitializeOnLoadAttributes (287ms)
				ProcessInitializeOnLoadMethodAttributes (24ms)
				AfterProcessingInitializeOnLoad (2ms)
				EditorAssembliesLoaded (0ms)
			ExecutionOrderSort2 (0ms)
			AwakeInstancesAfterBackupRestoration (5ms)
Platform modules already initialized, skipping
========================================================================
Worker process is ready to serve import requests
Launched and connected shader compiler UnityShaderCompiler.exe after 0.10 seconds
Refreshing native plugins compatible for Editor in 1.01 ms, found 3 plugins.
Preloading 0 native plugins for Editor in 0.00 ms.
Unloading 2813 Unused Serialized files (Serialized files now loaded: 0)
Unloading 36 unused Assets / (57.7 KB). Loaded Objects now: 3268.
Memory consumption went from 466.9 MB to 466.8 MB.
Total: 3.878900 ms (FindLiveObjects: 0.367700 ms CreateObjectMapping: 0.271600 ms MarkObjects: 3.154400 ms  DeleteObjects: 0.084300 ms)

AssetImportParameters requested are different than current active one (requested -> active):
  custom:video-decoder-ogg-theora: a1e56fd34408186e4bbccfd4996cb3dc -> 
  custom:container-muxer-webm: aa71ff27fc2769a1b78a27578f13a17b -> 
  custom:container-demuxer-webm: 4f35f7cbe854078d1ac9338744f61a02 -> 
  custom:video-encoder-webm-vp8: eb34c28f22e8b96e1ab97ce403110664 -> 
  custom:audio-encoder-webm-vorbis: bf7c407c2cedff20999df2af8eb42d56 -> 
  custom:framework-win-MediaFoundation: 216162199b28c13a410421893ffa2e32 -> 
  custom:container-demuxer-ogg: 62fdf1f143b41e24485cea50d1cbac27 -> 
  custom:video-decoder-webm-vp8: 9c59270c3fd7afecdb556c50c9e8de78 -> 
  custom:audio-decoder-ogg-vorbis: bf7c407c2cedff20999df2af8eb42d56 -> 
========================================================================
Received Import Request.
  Time since last request: 165165.428128 seconds.
  path: Assets/GameInput.inputactions
  artifactKey: Guid(970a756c7b2d37648aa4c60032f1af3f) Importer(815301076,1909f56bfc062723c751e8b465ee728b)
Start importing Assets/GameInput.inputactions using Guid(970a756c7b2d37648aa4c60032f1af3f) Importer(815301076,1909f56bfc062723c751e8b465ee728b)  -> (artifact id: '85c7347b4af9a30cc3451b11ceb26259') in 0.101197 seconds 
========================================================================
Received Import Request.
  Time since last request: 0.000016 seconds.
  path: Assets/Scenes/EventSystem.prefab
  artifactKey: Guid(d5fe3f42f5684d742a2bd107310dfdf3) Importer(815301076,1909f56bfc062723c751e8b465ee728b)
Start importing Assets/Scenes/EventSystem.prefab using Guid(d5fe3f42f5684d742a2bd107310dfdf3) Importer(815301076,1909f56bfc062723c751e8b465ee728b)  -> (artifact id: 'e135b76aff119379e3fea6e34cd9778f') in 0.026985 seconds 
========================================================================
Received Import Request.
  Time since last request: 0.000025 seconds.
  path: Assets/Scenes
  artifactKey: Guid(9d3ee4d6d86aa644b8182e7881755ba3) Importer(815301076,1909f56bfc062723c751e8b465ee728b)
Start importing Assets/Scenes using Guid(9d3ee4d6d86aa644b8182e7881755ba3) Importer(815301076,1909f56bfc062723c751e8b465ee728b)  -> (artifact id: '7d21a9ab22c97bcd611786ad44b554df') in 0.006545 seconds 
========================================================================
Received Import Request.
  Time since last request: 0.000023 seconds.
  path: Assets/Scenes/Shops.unity
  artifactKey: Guid(00f157a0a4b1ff34ebf1a4fe39c875c5) Importer(815301076,1909f56bfc062723c751e8b465ee728b)
Start importing Assets/Scenes/Shops.unity using Guid(00f157a0a4b1ff34ebf1a4fe39c875c5) Importer(815301076,1909f56bfc062723c751e8b465ee728b)  -> (artifact id: 'dba2e9df7c2dece145f838e51bb1eece') in 0.007854 seconds 
========================================================================
Received Import Request.
  Time since last request: 0.000023 seconds.
  path: Assets/Scenes/deprimus.png
  artifactKey: Guid(7dc6cc50007e5bf4ebb946f2e58a3f28) Importer(815301076,1909f56bfc062723c751e8b465ee728b)
Start importing Assets/Scenes/deprimus.png using Guid(7dc6cc50007e5bf4ebb946f2e58a3f28) Importer(815301076,1909f56bfc062723c751e8b465ee728b)  -> (artifact id: '73054808781360f36f35bf12c3368769') in 0.178241 seconds 
========================================================================
Received Import Request.
  Time since last request: 56.921004 seconds.
  path: Assets/Kenney Mini Square SDF.asset
  artifactKey: Guid(9d1660d4624a7fb47aab1796031ea96c) Importer(815301076,1909f56bfc062723c751e8b465ee728b)
Start importing Assets/Kenney Mini Square SDF.asset using Guid(9d1660d4624a7fb47aab1796031ea96c) Importer(815301076,1909f56bfc062723c751e8b465ee728b)  -> (artifact id: '904474949f3df261b19da3fd60de39c9') in 0.079950 seconds 
========================================================================
Received Import Request.
  Time since last request: 135.561982 seconds.
  path: Assets/Textures/torch.png
  artifactKey: Guid(3bbf007f6390afc49a8f848d1a8d38ba) Importer(815301076,1909f56bfc062723c751e8b465ee728b)
Start importing Assets/Textures/torch.png using Guid(3bbf007f6390afc49a8f848d1a8d38ba) Importer(815301076,1909f56bfc062723c751e8b465ee728b)  -> (artifact id: '8b9cee5d395d088b297cf5d5cdbf2a72') in 0.015651 seconds 
========================================================================
Received Import Request.
  Time since last request: 0.032353 seconds.
  path: Assets/Standard Assets/CrossPlatformInput/Sprites/TouchpadSprite.png
  artifactKey: Guid(e4f1fee3de32377429fd1348fae62b10) Importer(815301076,1909f56bfc062723c751e8b465ee728b)
Start importing Assets/Standard Assets/CrossPlatformInput/Sprites/TouchpadSprite.png using Guid(e4f1fee3de32377429fd1348fae62b10) Importer(815301076,1909f56bfc062723c751e8b465ee728b)  -> (artifact id: 'da851a723c81b5195cd4d4624ca56e51') in 0.032705 seconds 
========================================================================
Received Import Request.
  Time since last request: 0.000019 seconds.
  path: Assets/Textures/TutorialArrow.png
  artifactKey: Guid(8cea284611673cf4395cd9167511baa2) Importer(815301076,1909f56bfc062723c751e8b465ee728b)
Start importing Assets/Textures/TutorialArrow.png using Guid(8cea284611673cf4395cd9167511baa2) Importer(815301076,1909f56bfc062723c751e8b465ee728b)  -> (artifact id: '10e0dd473f844fe6d55be5f760823048') in 0.027777 seconds 
========================================================================
Received Import Request.
  Time since last request: 0.000023 seconds.
  path: Assets/Textures/tutorialUI.png
  artifactKey: Guid(d1c79acfbd1b3ee4b98547c068ced45e) Importer(815301076,1909f56bfc062723c751e8b465ee728b)
Start importing Assets/Textures/tutorialUI.png using Guid(d1c79acfbd1b3ee4b98547c068ced45e) Importer(815301076,1909f56bfc062723c751e8b465ee728b)  -> (artifact id: '892480baaa6d9b2180d4da13e9aa9e08') in 0.048305 seconds 
========================================================================
Received Import Request.
  Time since last request: 0.000019 seconds.
  path: Assets/Textures/transparent.png
  artifactKey: Guid(a63868a5da4c319449a9b20b41c5a3ff) Importer(815301076,1909f56bfc062723c751e8b465ee728b)
Start importing Assets/Textures/transparent.png using Guid(a63868a5da4c319449a9b20b41c5a3ff) Importer(815301076,1909f56bfc062723c751e8b465ee728b)  -> (artifact id: '0f46f374d4ff915ae30b179b81b47aeb') in 0.030060 seconds 
========================================================================
Received Import Request.
  Time since last request: 0.000014 seconds.
  path: Assets/Textures/transparent1PX.png
  artifactKey: Guid(ccc4461935afc484d8e4f3656a34b396) Importer(815301076,1909f56bfc062723c751e8b465ee728b)
Start importing Assets/Textures/transparent1PX.png using Guid(ccc4461935afc484d8e4f3656a34b396) Importer(815301076,1909f56bfc062723c751e8b465ee728b)  -> (artifact id: 'f0299989065a8acad2a937385c090cb1') in 0.015725 seconds 
========================================================================
Received Import Request.
  Time since last request: 0.000016 seconds.
  path: Assets/Textures/tutorialScene.png
  artifactKey: Guid(9eb0dfd6d84a1db4bbed6c95ee3792c8) Importer(815301076,1909f56bfc062723c751e8b465ee728b)
Start importing Assets/Textures/tutorialScene.png using Guid(9eb0dfd6d84a1db4bbed6c95ee3792c8) Importer(815301076,1909f56bfc062723c751e8b465ee728b)  -> (artifact id: '4be3ed1e59682be518ee05abecdd46de') in 0.051119 seconds 
========================================================================
Received Import Request.
  Time since last request: 0.000018 seconds.
  path: Assets/unityLogo.png
  artifactKey: Guid(e3f84b0194bf1fb46b6d458508344262) Importer(815301076,1909f56bfc062723c751e8b465ee728b)
Start importing Assets/unityLogo.png using Guid(e3f84b0194bf1fb46b6d458508344262) Importer(815301076,1909f56bfc062723c751e8b465ee728b)  -> (artifact id: '4b1a1d624e1027a5e71cc0fb35a3e861') in 0.025784 seconds 
========================================================================
Received Import Request.
  Time since last request: 4.856480 seconds.
  path: Assets/Textures/2.png
  artifactKey: Guid(bdd7002fb4dcd1243b6ad414b2017eee) Importer(815301076,1909f56bfc062723c751e8b465ee728b)
Start importing Assets/Textures/2.png using Guid(bdd7002fb4dcd1243b6ad414b2017eee) Importer(815301076,1909f56bfc062723c751e8b465ee728b)  -> (artifact id: '52cd8fce43da812cd0939fbba6a1af8d') in 0.014390 seconds 
========================================================================
Received Import Request.
  Time since last request: 0.000018 seconds.
  path: Assets/Textures/aKey.png
  artifactKey: Guid(6e8416725c9f8a746abdd7d0365226d2) Importer(815301076,1909f56bfc062723c751e8b465ee728b)
Start importing Assets/Textures/aKey.png using Guid(6e8416725c9f8a746abdd7d0365226d2) Importer(815301076,1909f56bfc062723c751e8b465ee728b)  -> (artifact id: '6fee50afa1133ab51b8090cc6e6fb029') in 0.032411 seconds 
========================================================================
Received Import Request.
  Time since last request: 0.000024 seconds.
  path: Assets/Textures/background.png
  artifactKey: Guid(19196add35271dc4b88ab5bbf6e96818) Importer(815301076,1909f56bfc062723c751e8b465ee728b)
Start importing Assets/Textures/background.png using Guid(19196add35271dc4b88ab5bbf6e96818) Importer(815301076,1909f56bfc062723c751e8b465ee728b)  -> (artifact id: '6a24a05fb3587c551978f9e64234a3be') in 0.017405 seconds 
========================================================================
Received Import Request.
  Time since last request: 0.000019 seconds.
  path: Assets/Textures/bg2.png
  artifactKey: Guid(23e7ab02ca775d44faabfe3ee39d4941) Importer(815301076,1909f56bfc062723c751e8b465ee728b)
Start importing Assets/Textures/bg2.png using Guid(23e7ab02ca775d44faabfe3ee39d4941) Importer(815301076,1909f56bfc062723c751e8b465ee728b)  -> (artifact id: '7ae0f0245a69bc5b5ac993dbc39d3280') in 0.012538 seconds 
========================================================================
Received Import Request.
  Time since last request: 0.000017 seconds.
  path: Assets/Textures/bg3.png
  artifactKey: Guid(80deff5ef3469264c829bf3e84e35bd1) Importer(815301076,1909f56bfc062723c751e8b465ee728b)
Start importing Assets/Textures/bg3.png using Guid(80deff5ef3469264c829bf3e84e35bd1) Importer(815301076,1909f56bfc062723c751e8b465ee728b)  -> (artifact id: '0d9e99145b8aaa1bfded905307348999') in 0.021634 seconds 
========================================================================
Received Import Request.
  Time since last request: 0.000016 seconds.
  path: Assets/Textures/bgCharacter.png
  artifactKey: Guid(31b8df71aeb3daf498ee4b02db570b35) Importer(815301076,1909f56bfc062723c751e8b465ee728b)
Start importing Assets/Textures/bgCharacter.png using Guid(31b8df71aeb3daf498ee4b02db570b35) Importer(815301076,1909f56bfc062723c751e8b465ee728b)  -> (artifact id: '7f280dbd229ca10fd0c5088971361821') in 0.194511 seconds 
========================================================================
Received Import Request.
  Time since last request: 0.000019 seconds.
  path: Assets/Textures/controller.png
  artifactKey: Guid(f54f8aef84b9cd242bf2b9ed322ab991) Importer(815301076,1909f56bfc062723c751e8b465ee728b)
Start importing Assets/Textures/controller.png using Guid(f54f8aef84b9cd242bf2b9ed322ab991) Importer(815301076,1909f56bfc062723c751e8b465ee728b)  -> (artifact id: '893c76dc70460dad3784d1852ea308ae') in 0.029403 seconds 
========================================================================
Received Import Request.
  Time since last request: 0.000024 seconds.
  path: Assets/Textures/coin.png
  artifactKey: Guid(835989c6dfc197b42a5bc43ea211e010) Importer(815301076,1909f56bfc062723c751e8b465ee728b)
Start importing Assets/Textures/coin.png using Guid(835989c6dfc197b42a5bc43ea211e010) Importer(815301076,1909f56bfc062723c751e8b465ee728b)  -> (artifact id: '0bcadbe8059600e057f081705f19840c') in 0.022375 seconds 
========================================================================
Received Import Request.
  Time since last request: 0.000022 seconds.
  path: Assets/Textures/eKey.png
  artifactKey: Guid(e6731800768c31547a8069dbdb725ae3) Importer(815301076,1909f56bfc062723c751e8b465ee728b)
Start importing Assets/Textures/eKey.png using Guid(e6731800768c31547a8069dbdb725ae3) Importer(815301076,1909f56bfc062723c751e8b465ee728b)  -> (artifact id: '263206c061cebce80e79650c9e134d84') in 0.015482 seconds 
========================================================================
Received Import Request.
  Time since last request: 0.000018 seconds.
  path: Assets/Textures/finalBossArm.png
  artifactKey: Guid(54a029d4ad8128b4ba633455bd325930) Importer(815301076,1909f56bfc062723c751e8b465ee728b)
Start importing Assets/Textures/finalBossArm.png using Guid(54a029d4ad8128b4ba633455bd325930) Importer(815301076,1909f56bfc062723c751e8b465ee728b)  -> (artifact id: '0ae246bcf5e29f463657dbf06865d327') in 0.069467 seconds 
========================================================================
Received Import Request.
  Time since last request: 0.000015 seconds.
  path: Assets/Textures/largeArcher.png
  artifactKey: Guid(5a0b325db3ecec64fa2652eda3ee1896) Importer(815301076,1909f56bfc062723c751e8b465ee728b)
Start importing Assets/Textures/largeArcher.png using Guid(5a0b325db3ecec64fa2652eda3ee1896) Importer(815301076,1909f56bfc062723c751e8b465ee728b)  -> (artifact id: 'af729fa92534a37b87ed9f96223222b0') in 0.229058 seconds 
========================================================================
Received Import Request.
  Time since last request: 0.000016 seconds.
  path: Assets/Textures/line.png
  artifactKey: Guid(8e56e4e97074be94882898f85978f1ec) Importer(815301076,1909f56bfc062723c751e8b465ee728b)
Start importing Assets/Textures/line.png using Guid(8e56e4e97074be94882898f85978f1ec) Importer(815301076,1909f56bfc062723c751e8b465ee728b)  -> (artifact id: '376373d6752cf09a2a915e3df4707b00') in 0.016377 seconds 
========================================================================
Received Import Request.
  Time since last request: 0.000028 seconds.
  path: Assets/Textures/largeTank.png
  artifactKey: Guid(ee90489dfb5fc734c8507758d4112f99) Importer(815301076,1909f56bfc062723c751e8b465ee728b)
Start importing Assets/Textures/largeTank.png using Guid(ee90489dfb5fc734c8507758d4112f99) Importer(815301076,1909f56bfc062723c751e8b465ee728b)  -> (artifact id: '93139d17d897fb6eb8be045cd0e7d76c') in 0.180684 seconds 
========================================================================
Received Import Request.
  Time since last request: 0.000020 seconds.
  path: Assets/Textures/bgDungeon.png
  artifactKey: Guid(01dfabef9d944ce469d2d35b29c4aba7) Importer(815301076,1909f56bfc062723c751e8b465ee728b)
Start importing Assets/Textures/bgDungeon.png using Guid(01dfabef9d944ce469d2d35b29c4aba7) Importer(815301076,1909f56bfc062723c751e8b465ee728b)  -> (artifact id: '9183ded2cfbb52c6065d04b55a6855dd') in 0.209294 seconds 
========================================================================
Received Import Request.
  Time since last request: 0.000021 seconds.
  path: Assets/Textures/diamond.png
  artifactKey: Guid(f4072fc054b3c1d4f86a3f28ec8f44f3) Importer(815301076,1909f56bfc062723c751e8b465ee728b)
Start importing Assets/Textures/diamond.png using Guid(f4072fc054b3c1d4f86a3f28ec8f44f3) Importer(815301076,1909f56bfc062723c751e8b465ee728b)  -> (artifact id: '14e420885966fb5fb814ced6a5d7ffd9') in 0.017021 seconds 
========================================================================
Received Import Request.
  Time since last request: 0.000031 seconds.
  path: Assets/Textures/fog.png
  artifactKey: Guid(b3ed9cfe9ad56a64d927f4a8374956eb) Importer(815301076,1909f56bfc062723c751e8b465ee728b)
Start importing Assets/Textures/fog.png using Guid(b3ed9cfe9ad56a64d927f4a8374956eb) Importer(815301076,1909f56bfc062723c751e8b465ee728b)  -> (artifact id: '80cef2aa75615759b2c443fa604c3e84') in 0.020865 seconds 
========================================================================
Received Import Request.
  Time since last request: 0.000015 seconds.
  path: Assets/Textures/damageEffect.png
  artifactKey: Guid(72d2c23ff13eb6b44921943350a1c386) Importer(815301076,1909f56bfc062723c751e8b465ee728b)
Start importing Assets/Textures/damageEffect.png using Guid(72d2c23ff13eb6b44921943350a1c386) Importer(815301076,1909f56bfc062723c751e8b465ee728b)  -> (artifact id: 'd8c1772d46c3ee33e822d6a2a8d5b3c6') in 0.125294 seconds 
========================================================================
Received Import Request.
  Time since last request: 0.000019 seconds.
  path: Assets/Textures/logoV2.png
  artifactKey: Guid(737bbae5a72857b40b2040ef7f57abd9) Importer(815301076,1909f56bfc062723c751e8b465ee728b)
Start importing Assets/Textures/logoV2.png using Guid(737bbae5a72857b40b2040ef7f57abd9) Importer(815301076,1909f56bfc062723c751e8b465ee728b)  -> (artifact id: '96df8d5cf79f67f2a5883826278ac725') in 0.022186 seconds 
========================================================================
Received Import Request.
  Time since last request: 0.000025 seconds.
  path: Assets/Textures/border.png
  artifactKey: Guid(480ec5f0d511e6346848cbbc28e61c38) Importer(815301076,1909f56bfc062723c751e8b465ee728b)
Start importing Assets/Textures/border.png using Guid(480ec5f0d511e6346848cbbc28e61c38) Importer(815301076,1909f56bfc062723c751e8b465ee728b)  -> (artifact id: '9fa799e30073c7f10ce1460b9cd67007') in 0.018591 seconds 
========================================================================
Received Import Request.
  Time since last request: 0.000026 seconds.
  path: Assets/Textures/cursor.png
  artifactKey: Guid(2b0b40ec99f40334f8a124ec93cf4840) Importer(815301076,1909f56bfc062723c751e8b465ee728b)
Start importing Assets/Textures/cursor.png using Guid(2b0b40ec99f40334f8a124ec93cf4840) Importer(815301076,1909f56bfc062723c751e8b465ee728b)  -> (artifact id: 'c77690496af70ef0f78cc62983896334') in 0.022044 seconds 
========================================================================
Received Import Request.
  Time since last request: 0.000032 seconds.
  path: Assets/Textures/lock.png
  artifactKey: Guid(cfc2e4705922e844abdf02b6a970d38d) Importer(815301076,1909f56bfc062723c751e8b465ee728b)
Start importing Assets/Textures/lock.png using Guid(cfc2e4705922e844abdf02b6a970d38d) Importer(815301076,1909f56bfc062723c751e8b465ee728b)  -> (artifact id: '2fb2ba8dfb0e7d586167198b0fa3cd44') in 0.031226 seconds 
========================================================================
Received Import Request.
  Time since last request: 0.000025 seconds.
  path: Assets/Textures/logoWithBackground.png
  artifactKey: Guid(55b727e2410d5f047a70b2986457472d) Importer(815301076,1909f56bfc062723c751e8b465ee728b)
Start importing Assets/Textures/logoWithBackground.png using Guid(55b727e2410d5f047a70b2986457472d) Importer(815301076,1909f56bfc062723c751e8b465ee728b)  -> (artifact id: 'bfcd49b8e486900fc2677b07d01c6cc3') in 0.017661 seconds 
========================================================================
Received Import Request.
  Time since last request: 0.000021 seconds.
  path: Assets/Textures/broken_torch2.png
  artifactKey: Guid(cdd5b123814eb684990bd497193d5cae) Importer(815301076,1909f56bfc062723c751e8b465ee728b)
Start importing Assets/Textures/broken_torch2.png using Guid(cdd5b123814eb684990bd497193d5cae) Importer(815301076,1909f56bfc062723c751e8b465ee728b)  -> (artifact id: '4bbef211fe83f9af38566eec68d3a4d5') in 0.013333 seconds 
========================================================================
Received Import Request.
  Time since last request: 0.000022 seconds.
  path: Assets/Textures/largeMedic.png
  artifactKey: Guid(75599dab1e4defc44b28f0d437056ebf) Importer(815301076,1909f56bfc062723c751e8b465ee728b)
Start importing Assets/Textures/largeMedic.png using Guid(75599dab1e4defc44b28f0d437056ebf) Importer(815301076,1909f56bfc062723c751e8b465ee728b)  -> (artifact id: '305936a2e356c5ee3160d1fe3e26e08a') in 0.208447 seconds 
========================================================================
Received Import Request.
  Time since last request: 0.000023 seconds.
  path: Assets/Textures/broken_torch.png
  artifactKey: Guid(4760ca938a1c63849adc9fc659a76ada) Importer(815301076,1909f56bfc062723c751e8b465ee728b)
Start importing Assets/Textures/broken_torch.png using Guid(4760ca938a1c63849adc9fc659a76ada) Importer(815301076,1909f56bfc062723c751e8b465ee728b)  -> (artifact id: '966ff18ce48df9a7c0286b37ecaaf826') in 0.016086 seconds 
========================================================================
Received Import Request.
  Time since last request: 0.000029 seconds.
  path: Assets/Textures/block.png
  artifactKey: Guid(f03eb0570951880438b7ed8316b9fa99) Importer(815301076,1909f56bfc062723c751e8b465ee728b)
Start importing Assets/Textures/block.png using Guid(f03eb0570951880438b7ed8316b9fa99) Importer(815301076,1909f56bfc062723c751e8b465ee728b)  -> (artifact id: '4d271e635ca655a2b69c7a2aa398deb1') in 0.024182 seconds 
========================================================================
Received Import Request.
  Time since last request: 0.000021 seconds.
  path: Assets/Textures/largeKnight.png
  artifactKey: Guid(fec2223d10a438442910aaad5a1f46fe) Importer(815301076,1909f56bfc062723c751e8b465ee728b)
Start importing Assets/Textures/largeKnight.png using Guid(fec2223d10a438442910aaad5a1f46fe) Importer(815301076,1909f56bfc062723c751e8b465ee728b)  -> (artifact id: 'd2d1823c935e22262396aab47bdde93e') in 0.203258 seconds 
========================================================================
Received Import Request.
  Time since last request: 3.892907 seconds.
  path: Assets/Textures/Magiera Script SDF.asset
  artifactKey: Guid(ad650cd17ae35174b96bd51e2174f91c) Importer(815301076,1909f56bfc062723c751e8b465ee728b)
Start importing Assets/Textures/Magiera Script SDF.asset using Guid(ad650cd17ae35174b96bd51e2174f91c) Importer(815301076,1909f56bfc062723c751e8b465ee728b)  -> (artifact id: 'd2172d704b3112aa54f2e5818d7fd90a') in 0.020330 seconds 
========================================================================
Received Import Request.
  Time since last request: 0.000016 seconds.
  path: Assets/Textures/map.png
  artifactKey: Guid(48142db7b59c9634c906288d4263051c) Importer(815301076,1909f56bfc062723c751e8b465ee728b)
Start importing Assets/Textures/map.png using Guid(48142db7b59c9634c906288d4263051c) Importer(815301076,1909f56bfc062723c751e8b465ee728b)  -> (artifact id: 'b160d7f34212516656b1942c75b7cefc') in 0.022106 seconds 
========================================================================
Received Import Request.
  Time since last request: 0.000025 seconds.
  path: Assets/Textures/path860.png
  artifactKey: Guid(7f02e807c1d4c0246a37fe3efcd39b97) Importer(815301076,1909f56bfc062723c751e8b465ee728b)
Start importing Assets/Textures/path860.png using Guid(7f02e807c1d4c0246a37fe3efcd39b97) Importer(815301076,1909f56bfc062723c751e8b465ee728b)  -> (artifact id: '7572df06c9ef80f7f215438f26ab67a1') in 0.148403 seconds 
========================================================================
Received Import Request.
  Time since last request: 0.000036 seconds.
  path: Assets/Textures/TexturesCom_Wall_Stone3_2x2_2K_albedo.tif
  artifactKey: Guid(5b1be77a29bb03c439e98eadc5118b11) Importer(815301076,1909f56bfc062723c751e8b465ee728b)
Start importing Assets/Textures/TexturesCom_Wall_Stone3_2x2_2K_albedo.tif using Guid(5b1be77a29bb03c439e98eadc5118b11) Importer(815301076,1909f56bfc062723c751e8b465ee728b)  -> (artifact id: 'c7f78d12a100bd02900d403921c23dbc') in 0.392590 seconds 
========================================================================
Received Import Request.
  Time since last request: 0.000036 seconds.
  path: Assets/Textures/wizardMenu6.png
  artifactKey: Guid(dd794149c2947a24fbd994d418f306ff) Importer(815301076,1909f56bfc062723c751e8b465ee728b)
Start importing Assets/Textures/wizardMenu6.png using Guid(dd794149c2947a24fbd994d418f306ff) Importer(815301076,1909f56bfc062723c751e8b465ee728b)  -> (artifact id: 'd79024da3e0e96487a69ebb0ebfbf85c') in 0.025307 seconds 
========================================================================
Received Import Request.
  Time since last request: 0.000023 seconds.
  path: Assets/Textures/wizardmenu5.png
  artifactKey: Guid(78fe224cdcba3164b8fa6d6d8621e203) Importer(815301076,1909f56bfc062723c751e8b465ee728b)
Start importing Assets/Textures/wizardmenu5.png using Guid(78fe224cdcba3164b8fa6d6d8621e203) Importer(815301076,1909f56bfc062723c751e8b465ee728b)  -> (artifact id: 'b556fee9e1cd89227f7b1efd327255fc') in 0.018871 seconds 
========================================================================
Received Import Request.
  Time since last request: 0.000023 seconds.
  path: Assets/Textures/shopMenu.png
  artifactKey: Guid(1c630a1e008dbfb4faa2f3dcc19cbe98) Importer(815301076,1909f56bfc062723c751e8b465ee728b)
Start importing Assets/Textures/shopMenu.png using Guid(1c630a1e008dbfb4faa2f3dcc19cbe98) Importer(815301076,1909f56bfc062723c751e8b465ee728b)  -> (artifact id: '2e15232af09f10f96fe259ec07d21bff') in 0.016712 seconds 
========================================================================
Received Import Request.
  Time since last request: 0.000024 seconds.
  path: Assets/Textures/spike.png
  artifactKey: Guid(7946910078369bb48abe957585c89272) Importer(815301076,1909f56bfc062723c751e8b465ee728b)
Start importing Assets/Textures/spike.png using Guid(7946910078369bb48abe957585c89272) Importer(815301076,1909f56bfc062723c751e8b465ee728b)  -> (artifact id: '368c1a6f04affe09a5368ebc76aff86a') in 0.024292 seconds 
========================================================================
Received Import Request.
  Time since last request: 0.000019 seconds.
  path: Assets/Textures/target.png
  artifactKey: Guid(843cefec32535bf4087435c106504547) Importer(815301076,1909f56bfc062723c751e8b465ee728b)
Start importing Assets/Textures/target.png using Guid(843cefec32535bf4087435c106504547) Importer(815301076,1909f56bfc062723c751e8b465ee728b)  -> (artifact id: 'c22448c3a601c9a39791ce66cd0b881e') in 0.015350 seconds 
========================================================================
Received Import Request.
  Time since last request: 0.000023 seconds.
  path: Assets/Textures/settings.png
  artifactKey: Guid(d74f096b6c4b7a7489f334e53901223f) Importer(815301076,1909f56bfc062723c751e8b465ee728b)
Start importing Assets/Textures/settings.png using Guid(d74f096b6c4b7a7489f334e53901223f) Importer(815301076,1909f56bfc062723c751e8b465ee728b)  -> (artifact id: '30a43b202ead7bfe9ec7b28777ff35f1') in 0.038096 seconds 
========================================================================
Received Import Request.
  Time since last request: 0.000024 seconds.
  path: Assets/Textures/text3715.png
  artifactKey: Guid(ace31ba7d45ca7b45bc1fd481b28f72a) Importer(815301076,1909f56bfc062723c751e8b465ee728b)
Start importing Assets/Textures/text3715.png using Guid(ace31ba7d45ca7b45bc1fd481b28f72a) Importer(815301076,1909f56bfc062723c751e8b465ee728b)  -> (artifact id: '8f7a41d1d12572103b304b2026beef70') in 0.063911 seconds 
========================================================================
Received Import Request.
  Time since last request: 0.000019 seconds.
  path: Assets/Textures/unlockButton.png
  artifactKey: Guid(1a9913928be403f429d084014197f047) Importer(815301076,1909f56bfc062723c751e8b465ee728b)
Start importing Assets/Textures/unlockButton.png using Guid(1a9913928be403f429d084014197f047) Importer(815301076,1909f56bfc062723c751e8b465ee728b)  -> (artifact id: '96118e6879fb0becd23882a06cbcb98b') in 0.021669 seconds 
========================================================================
Received Import Request.
  Time since last request: 0.000026 seconds.
  path: Assets/Textures/return.png
  artifactKey: Guid(c546a1a422e9c3c4c9090e9dbd64e068) Importer(815301076,1909f56bfc062723c751e8b465ee728b)
Start importing Assets/Textures/return.png using Guid(c546a1a422e9c3c4c9090e9dbd64e068) Importer(815301076,1909f56bfc062723c751e8b465ee728b)  -> (artifact id: 'accec5e612f60477152ae04cca94657d') in 0.086709 seconds 
========================================================================
Received Import Request.
  Time since last request: 0.000019 seconds.
  path: Assets/Textures/wizardmenu2.png
  artifactKey: Guid(e2f98973b8d4a5f4a817757a4682833e) Importer(815301076,1909f56bfc062723c751e8b465ee728b)
Start importing Assets/Textures/wizardmenu2.png using Guid(e2f98973b8d4a5f4a817757a4682833e) Importer(815301076,1909f56bfc062723c751e8b465ee728b)  -> (artifact id: 'dfb7ab9d7dd08634c7717f7bd74455c3') in 0.018194 seconds 
========================================================================
Received Import Request.
  Time since last request: 0.000017 seconds.
  path: Assets/Textures/TexturesCom_Fabric_Rough2_512_roughness.png
  artifactKey: Guid(68814c140e46adb4fa3e64b40d38d5b4) Importer(815301076,1909f56bfc062723c751e8b465ee728b)
Start importing Assets/Textures/TexturesCom_Fabric_Rough2_512_roughness.png using Guid(68814c140e46adb4fa3e64b40d38d5b4) Importer(815301076,1909f56bfc062723c751e8b465ee728b)  -> (artifact id: '3055e7c2952997b446bb873534a20482') in 0.037175 seconds 
========================================================================
Received Import Request.
  Time since last request: 0.000014 seconds.
  path: Assets/Textures/void.png
  artifactKey: Guid(b01a042f441ea08439de757090183e2c) Importer(815301076,1909f56bfc062723c751e8b465ee728b)
Start importing Assets/Textures/void.png using Guid(b01a042f441ea08439de757090183e2c) Importer(815301076,1909f56bfc062723c751e8b465ee728b)  -> (artifact id: '3c3051669d07ff7cfb0665f8df7caa8a') in 0.014642 seconds 
========================================================================
Received Import Request.
  Time since last request: 0.000020 seconds.
  path: Assets/Textures/returnShops.png
  artifactKey: Guid(1c4627868eda39045b4eb2feb1192b7d) Importer(815301076,1909f56bfc062723c751e8b465ee728b)
Start importing Assets/Textures/returnShops.png using Guid(1c4627868eda39045b4eb2feb1192b7d) Importer(815301076,1909f56bfc062723c751e8b465ee728b)  -> (artifact id: 'f16abf962ae72a7714a4ccacde7d68c2') in 0.022369 seconds 
========================================================================
Received Import Request.
  Time since last request: 0.000023 seconds.
  path: Assets/Textures/shops.png
  artifactKey: Guid(0ce913ffa605f4746a173df71be9c4bf) Importer(815301076,1909f56bfc062723c751e8b465ee728b)
Start importing Assets/Textures/shops.png using Guid(0ce913ffa605f4746a173df71be9c4bf) Importer(815301076,1909f56bfc062723c751e8b465ee728b)  -> (artifact id: 'ebe52307063a3c3586e1964ec36dd1ff') in 0.014052 seconds 
========================================================================
Received Import Request.
  Time since last request: 0.000020 seconds.
  path: Assets/Textures/smallArcher.png
  artifactKey: Guid(1b75d1f9b4cf0184d9ee61db38c14bd6) Importer(815301076,1909f56bfc062723c751e8b465ee728b)
Start importing Assets/Textures/smallArcher.png using Guid(1b75d1f9b4cf0184d9ee61db38c14bd6) Importer(815301076,1909f56bfc062723c751e8b465ee728b)  -> (artifact id: 'eae6b8f680b32247a32aa7d828ab5757') in 0.040469 seconds 
========================================================================
Received Import Request.
  Time since last request: 0.000023 seconds.
  path: Assets/Textures/wizardmenu4.png
  artifactKey: Guid(7388651c88d57d244bd1eb5db568e933) Importer(815301076,1909f56bfc062723c751e8b465ee728b)
Start importing Assets/Textures/wizardmenu4.png using Guid(7388651c88d57d244bd1eb5db568e933) Importer(815301076,1909f56bfc062723c751e8b465ee728b)  -> (artifact id: '196187be371993d2afa5f928522edf05') in 0.015005 seconds 
========================================================================
Received Import Request.
  Time since last request: 0.000023 seconds.
  path: Assets/Textures/smallMedic.png
  artifactKey: Guid(8a8970f8be9c13247be4e5bd044ebad1) Importer(815301076,1909f56bfc062723c751e8b465ee728b)
Start importing Assets/Textures/smallMedic.png using Guid(8a8970f8be9c13247be4e5bd044ebad1) Importer(815301076,1909f56bfc062723c751e8b465ee728b)  -> (artifact id: '24e11caf737628bcf425521e875bd387') in 0.036009 seconds 
========================================================================
Received Import Request.
  Time since last request: 0.000016 seconds.
  path: Assets/Textures/smallWizard.png
  artifactKey: Guid(9e7e036c9b49a464da24e2e450dac20f) Importer(815301076,1909f56bfc062723c751e8b465ee728b)
Start importing Assets/Textures/smallWizard.png using Guid(9e7e036c9b49a464da24e2e450dac20f) Importer(815301076,1909f56bfc062723c751e8b465ee728b)  -> (artifact id: 'b5db2dced71d92be1d4320f8c6f3f234') in 0.039501 seconds 
========================================================================
Received Import Request.
  Time since last request: 0.000017 seconds.
  path: Assets/Textures/wizardUI.png
  artifactKey: Guid(699eebe6ba314d844b1512b27e25d8c8) Importer(815301076,1909f56bfc062723c751e8b465ee728b)
Start importing Assets/Textures/wizardUI.png using Guid(699eebe6ba314d844b1512b27e25d8c8) Importer(815301076,1909f56bfc062723c751e8b465ee728b)  -> (artifact id: '18292b874bc372a95e1da0edd1db9ac3') in 0.138044 seconds 
========================================================================
Received Import Request.
  Time since last request: 0.000019 seconds.
  path: Assets/Textures/quest.png
  artifactKey: Guid(0edc26f50deb6044f8dcdc5182c31944) Importer(815301076,1909f56bfc062723c751e8b465ee728b)
Start importing Assets/Textures/quest.png using Guid(0edc26f50deb6044f8dcdc5182c31944) Importer(815301076,1909f56bfc062723c751e8b465ee728b)  -> (artifact id: 'd399c6f440eb0ec3a0907fcda7116023') in 0.298758 seconds 
========================================================================
Received Import Request.
  Time since last request: 0.000026 seconds.
  path: Assets/Textures/wizardmenu3.png
  artifactKey: Guid(26a23cd112df3db439e36755ba686e2a) Importer(815301076,1909f56bfc062723c751e8b465ee728b)
Start importing Assets/Textures/wizardmenu3.png using Guid(26a23cd112df3db439e36755ba686e2a) Importer(815301076,1909f56bfc062723c751e8b465ee728b)  -> (artifact id: '54397fb866149f82a4d0271bb8a2cd9f') in 0.019995 seconds 
========================================================================
Received Import Request.
  Time since last request: 0.000020 seconds.
  path: Assets/Textures/redTiles.tiff
  artifactKey: Guid(a76d566ce5cd75743854c0cfea4ca1d2) Importer(815301076,1909f56bfc062723c751e8b465ee728b)
Start importing Assets/Textures/redTiles.tiff using Guid(a76d566ce5cd75743854c0cfea4ca1d2) Importer(815301076,1909f56bfc062723c751e8b465ee728b)  -> (artifact id: '43ff01bf92f4f29b51762fa44130019f') in 0.119122 seconds 
========================================================================
Received Import Request.
  Time since last request: 1481.225898 seconds.
  path: Assets/mediumIcon.png
  artifactKey: Guid(9bbe424377fa3544483bcdfc20f9305b) Importer(815301076,1909f56bfc062723c751e8b465ee728b)
Start importing Assets/mediumIcon.png using Guid(9bbe424377fa3544483bcdfc20f9305b) Importer(815301076,1909f56bfc062723c751e8b465ee728b)  -> (artifact id: '9bbae0405286a799c98b79691827ac37') in 0.278294 seconds 
========================================================================
Received Import Request.
  Time since last request: 0.000019 seconds.
  path: Assets/New 2D Renderer Data.asset
  artifactKey: Guid(2b819ff5c4c3ed84c8103d4f72b0f0cd) Importer(815301076,1909f56bfc062723c751e8b465ee728b)
Start importing Assets/New 2D Renderer Data.asset using Guid(2b819ff5c4c3ed84c8103d4f72b0f0cd) Importer(815301076,1909f56bfc062723c751e8b465ee728b)  -> (artifact id: 'd52cf0a0a8e49500ed8e804d4613ebd9') in 0.005780 seconds 
========================================================================
Received Import Request.
  Time since last request: 0.212093 seconds.
  path: Assets/New Material 1.mat
  artifactKey: Guid(f07cf9c8bab8a7e4399e635eaeb611fc) Importer(815301076,1909f56bfc062723c751e8b465ee728b)
Start importing Assets/New Material 1.mat using Guid(f07cf9c8bab8a7e4399e635eaeb611fc) Importer(815301076,1909f56bfc062723c751e8b465ee728b)  -> (artifact id: '50f9e1efb0f256a1bfedc6a650974fe7') in 0.268974 seconds 
========================================================================
Received Import Request.
  Time since last request: 0.886827 seconds.
  path: Assets/smallIcon.png
  artifactKey: Guid(ed671bbb5f38ab0418ac532c11a35644) Importer(815301076,1909f56bfc062723c751e8b465ee728b)
Start importing Assets/smallIcon.png using Guid(ed671bbb5f38ab0418ac532c11a35644) Importer(815301076,1909f56bfc062723c751e8b465ee728b)  -> (artifact id: '032eccf0ec31acf7cc6211e90c0958c1') in 0.215623 seconds 
========================================================================
Received Import Request.
  Time since last request: 0.222483 seconds.
  path: Assets/UniversalRenderPipelineAsset_Renderer.asset
  artifactKey: Guid(d6b7d98044bd0d0478398e2b31c3fc07) Importer(815301076,1909f56bfc062723c751e8b465ee728b)
Start importing Assets/UniversalRenderPipelineAsset_Renderer.asset using Guid(d6b7d98044bd0d0478398e2b31c3fc07) Importer(815301076,1909f56bfc062723c751e8b465ee728b)  -> (artifact id: 'dc85490ae40dbe9e75b2ce98a13dc9ee') in 0.009933 seconds 
