
=== Tue Jan 14 13:05:21 2020

Packages were changed.
Update Mode: mergeDefaultDependencies

The following packages were added:
  com.unity.textmeshpro@2.0.1
  com.unity.package-manager-ui@2.2.0
  com.unity.collab-proxy@1.2.16
  com.unity.ext.nunit@1.0.0
  com.unity.test-framework@1.0.13
  com.unity.timeline@1.1.0
  com.unity.ide.vscode@1.1.2
  com.unity.ide.rider@1.1.0
  com.unity.ugui@1.0.0
  com.unity.modules.ai@1.0.0
  com.unity.modules.animation@1.0.0
  com.unity.modules.androidjni@1.0.0
  com.unity.modules.assetbundle@1.0.0
  com.unity.modules.audio@1.0.0
  com.unity.modules.cloth@1.0.0
  com.unity.modules.director@1.0.0
  com.unity.modules.imageconversion@1.0.0
  com.unity.modules.imgui@1.0.0
  com.unity.modules.jsonserialize@1.0.0
  com.unity.modules.particlesystem@1.0.0
  com.unity.modules.physics@1.0.0
  com.unity.modules.physics2d@1.0.0
  com.unity.modules.screencapture@1.0.0
  com.unity.modules.terrain@1.0.0
  com.unity.modules.terrainphysics@1.0.0
  com.unity.modules.tilemap@1.0.0
  com.unity.modules.ui@1.0.0
  com.unity.modules.uielements@1.0.0
  com.unity.modules.umbra@1.0.0
  com.unity.modules.unityanalytics@1.0.0
  com.unity.modules.unitywebrequest@1.0.0
  com.unity.modules.unitywebrequestassetbundle@1.0.0
  com.unity.modules.unitywebrequestaudio@1.0.0
  com.unity.modules.unitywebrequesttexture@1.0.0
  com.unity.modules.unitywebrequestwww@1.0.0
  com.unity.modules.vehicles@1.0.0
  com.unity.modules.video@1.0.0
  com.unity.modules.vr@1.0.0
  com.unity.modules.wind@1.0.0
  com.unity.modules.xr@1.0.0

=== Fri Jan 31 17:11:33 2020

Packages were changed.
Update Mode: updateDependencies

The following packages were updated:
  com.unity.ide.rider from version 1.1.0 to 1.1.4
  com.unity.ide.vscode from version 1.1.2 to 1.1.4
  com.unity.test-framework from version 1.0.13 to 1.1.9
  com.unity.timeline from version 1.1.0 to 1.2.10
The following packages were removed:
  com.unity.package-manager-ui@2.2.0

=== Mon Jul 13 14:33:01 2020

Packages were changed.
Update Mode: updateDependencies

The following packages were updated:
  com.unity.ide.vscode from version 1.1.4 to 1.2.1
  com.unity.render-pipelines.universal from version 7.1.8 to 7.3.1
  com.unity.test-framework from version 1.1.9 to 1.1.14

=== Thu Sep 10 02:04:05 2020

Packages were changed.
Update Mode: updateDependencies

The following packages were added:
  com.unity.ide.visualstudio@2.0.2
The following packages were updated:
  com.unity.collab-proxy from version 1.2.16 to 1.3.9
  com.unity.ide.rider from version 1.1.4 to 1.2.1
  com.unity.render-pipelines.universal from version 7.3.1 to 8.2.0
  com.unity.test-framework from version 1.1.14 to 1.1.16
  com.unity.textmeshpro from version 2.0.1 to 3.0.1

=== Fri Jan  8 01:10:57 2021

Packages were changed.
Update Mode: updateDependencies

The following packages were updated:
  com.unity.ext.nunit from version 1.0.0 to 1.0.5
  com.unity.ide.rider from version 1.2.1 to 2.0.7
  com.unity.ide.visualstudio from version 2.0.2 to 2.0.5
  com.unity.ide.vscode from version 1.2.1 to 1.2.3
  com.unity.inputsystem from version 1.0.0 to 1.0.1
  com.unity.render-pipelines.universal from version 8.2.0 to 10.2.2
  com.unity.test-framework from version 1.1.16 to 1.1.19

=== Sun Jan 24 12:01:58 2021

Packages were changed.
Update Mode: updateDependencies

The following packages were updated:
  com.unity.ext.nunit from version 1.0.5 to 1.0.6
  com.unity.test-framework from version 1.1.19 to 1.1.20

=== Sat Mar 13 19:32:39 2021

Packages were changed.
Update Mode: updateDependencies

The following packages were updated:
  com.unity.ide.visualstudio from version 2.0.5 to 2.0.7
  com.unity.inputsystem from version 1.0.1 to 1.0.2
  com.unity.render-pipelines.universal from version 10.2.2 to 10.3.2
  com.unity.test-framework from version 1.1.20 to 1.1.22
  com.unity.timeline from version 1.2.10 to 1.4.6

=== Sun Aug 15 12:29:09 2021

Packages were changed.
Update Mode: updateDependencies

The following packages were updated:
  com.unity.collab-proxy from version 1.3.9 to 1.7.1
  com.unity.ide.rider from version 2.0.7 to 3.0.7
  com.unity.ide.visualstudio from version 2.0.7 to 2.0.9
  com.unity.test-framework from version 1.1.22 to 1.1.27
  com.unity.textmeshpro from version 3.0.1 to 3.0.6
  com.unity.timeline from version 1.4.6 to 1.5.6

=== Sat Sep  4 02:37:14 2021

Packages were changed.
Update Mode: updateDependencies

The following packages were updated:
  com.unity.collab-proxy from version 1.7.1 to 1.9.0
  com.unity.ide.visualstudio from version 2.0.9 to 2.0.11
  com.unity.test-framework from version 1.1.27 to 1.1.29

=== Wed Nov 17 21:56:52 2021

Packages were changed.
Update Mode: updateDependencies

The following packages were updated:
  com.unity.burst from version 1.5.6 to 1.6.0
  com.unity.collab-proxy from version 1.9.0 to 1.13.5
  com.unity.ide.vscode from version 1.2.3 to 1.2.4
  com.unity.inputsystem from version 1.0.2 to 1.1.1
  com.unity.timeline from version 1.5.6 to 1.6.2

=== Sat Dec 25 15:33:54 2021

Packages were changed.
Update Mode: updateDependencies

The following packages were updated:
  com.unity.collab-proxy from version 1.13.5 to 1.15.4
  com.unity.ide.visualstudio from version 2.0.11 to 2.0.12
  com.unity.inputsystem from version 1.1.1 to 1.2.0

=== Thu Jul 21 10:23:39 2022

Packages were changed.
Update Mode: updateDependencies

The following packages were updated:
  com.unity.burst from version 1.6.0 to 1.7.2
  com.unity.collab-proxy from version 1.15.4 to 1.15.18
  com.unity.ide.rider from version 3.0.7 to 3.0.14
  com.unity.ide.visualstudio from version 2.0.12 to 2.0.15
  com.unity.ide.vscode from version 1.2.4 to 1.2.5
  com.unity.inputsystem from version 1.2.0 to 1.3.0
  com.unity.test-framework from version 1.1.29 to 1.1.31
  com.unity.timeline from version 1.6.2 to 1.7.1

=== Thu Dec 22 17:50:16 2022

Packages were changed.
Update Mode: updateDependencies

The following packages were added:
  com.unity.ai.navigation@1.1.1
The following packages were updated:
  com.unity.burst from version 1.7.2 to 1.7.4
  com.unity.collab-proxy from version 1.15.18 to 1.17.7
  com.unity.ide.rider from version 3.0.14 to 3.0.16
  com.unity.ide.visualstudio from version 2.0.15 to 2.0.16
  com.unity.inputsystem from version 1.3.0 to 1.4.4
  com.unity.test-framework from version 1.1.31 to 1.1.33
  com.unity.timeline from version 1.7.1 to 1.7.2
